2026-05-26 13:45:58,675 CRIT Supervisor is running as root.  Privileges were not dropped because no user is specified in the config file.  If you intend to run as root, you can set user=root in the config file to avoid this message.
2026-05-26 13:45:58,681 INFO supervisord started with pid 1
2026-05-26 13:45:59,687 INFO spawned: 'php-fpm' with pid 7
2026-05-26 13:45:59,691 INFO spawned: 'nginx' with pid 8
2026-05-26 13:46:00,771 INFO success: php-fpm entered RUNNING state, process has stayed up for > than 1 seconds (startsecs)
2026-05-26 13:46:00,772 INFO success: nginx entered RUNNING state, process has stayed up for > than 1 seconds (startsecs)
2026-05-26 13:46:29,548 INFO reaped unknown pid 33 (exit status 22)
2026-05-26 13:46:29,549 INFO reaped unknown pid 40 (exit status 22)
2026-05-26 13:46:29,550 INFO reaped unknown pid 48 (exit status 22)
2026-05-26 13:46:36,007 INFO reaped unknown pid 62 (exit status 22)
2026-05-26 13:46:42,503 INFO reaped unknown pid 78 (exit status 22)
2026-05-26 13:47:16,916 INFO reaped unknown pid 88 (exit status 22)
2026-05-26 13:47:47,066 INFO reaped unknown pid 97 (exit status 22)
2026-05-26 13:48:24,055 INFO reaped unknown pid 113 (exit status 22)
2026-05-26 13:48:56,471 INFO reaped unknown pid 122 (exit status 22)
2026-05-26 13:49:31,418 INFO reaped unknown pid 131 (exit status 22)
2026-05-26 13:50:04,159 INFO reaped unknown pid 140 (exit status 22)
2026-05-26 13:50:35,319 INFO reaped unknown pid 149 (exit status 22)
2026-05-26 13:51:40,840 INFO reaped unknown pid 176 (exit status 22)
2026-05-26 13:52:17,076 INFO reaped unknown pid 185 (exit status 22)
2026-05-26 13:52:49,335 INFO reaped unknown pid 194 (exit status 22)
2026-05-26 13:53:14,487 INFO reaped unknown pid 203 (exit status 0)
2026-05-26 13:53:51,067 INFO reaped unknown pid 210 (exit status 0)
2026-05-26 13:54:24,205 INFO reaped unknown pid 217 (exit status 0)
2026-05-26 13:54:57,613 INFO reaped unknown pid 224 (exit status 0)
2026-05-26 13:55:27,163 INFO reaped unknown pid 231 (exit status 0)
2026-05-26 13:56:00,141 INFO reaped unknown pid 238 (exit status 0)
2026-05-26 13:57:09,047 INFO reaped unknown pid 252 (exit status 0)
2026-05-26 13:57:42,435 INFO reaped unknown pid 259 (exit status 0)
2026-05-26 13:58:15,840 INFO reaped unknown pid 266 (exit status 0)
2026-05-26 13:58:45,431 INFO reaped unknown pid 273 (exit status 0)
2026-05-26 13:59:18,387 INFO reaped unknown pid 280 (exit status 0)
2026-05-26 14:00:27,166 INFO reaped unknown pid 294 (exit status 0)
2026-05-26 14:01:01,171 INFO reaped unknown pid 301 (exit status 0)
2026-05-26 14:01:33,672 INFO reaped unknown pid 308 (exit status 0)
2026-05-26 14:02:03,656 INFO reaped unknown pid 315 (exit status 0)
2026-05-26 14:03:44,808 INFO reaped unknown pid 337 (exit status 0)
2026-05-26 14:04:19,039 INFO reaped unknown pid 344 (exit status 0)
2026-05-26 14:04:52,156 INFO reaped unknown pid 351 (exit status 0)
2026-05-26 14:05:21,724 INFO reaped unknown pid 358 (exit status 0)
2026-05-26 14:07:03,136 INFO reaped unknown pid 379 (exit status 0)
2026-05-26 14:07:36,738 INFO reaped unknown pid 386 (exit status 0)
2026-05-26 14:08:09,866 INFO reaped unknown pid 393 (exit status 0)
2026-05-26 14:08:39,718 INFO reaped unknown pid 400 (exit status 0)
2026-05-26 14:10:21,484 INFO reaped unknown pid 422 (exit status 0)
2026-05-26 14:10:54,553 INFO reaped unknown pid 429 (exit status 0)
2026-05-26 14:11:28,203 INFO reaped unknown pid 436 (exit status 0)
2026-05-26 14:11:57,624 INFO reaped unknown pid 443 (exit status 0)
2026-05-26 14:13:39,145 INFO reaped unknown pid 465 (exit status 0)
2026-05-26 14:14:10,760 INFO reaped unknown pid 472 (exit status 0)
2026-05-26 14:14:44,176 INFO reaped unknown pid 480 (exit status 0)
2026-05-26 14:16:52,954 INFO reaped unknown pid 508 (exit status 0)
2026-05-26 14:17:26,350 INFO reaped unknown pid 515 (exit status 0)
2026-05-26 14:17:59,524 INFO reaped unknown pid 522 (exit status 0)
2026-05-26 14:20:08,991 INFO reaped unknown pid 550 (exit status 0)
2026-05-26 14:20:42,424 INFO reaped unknown pid 557 (exit status 0)
2026-05-26 14:21:15,712 INFO reaped unknown pid 564 (exit status 0)
2026-05-26 14:23:24,503 INFO reaped unknown pid 593 (exit status 0)
2026-05-26 14:23:57,956 INFO reaped unknown pid 600 (exit status 0)
2026-05-26 14:24:31,968 INFO reaped unknown pid 607 (exit status 0)
2026-05-26 14:26:40,644 INFO reaped unknown pid 636 (exit status 0)
2026-05-26 14:27:14,044 INFO reaped unknown pid 643 (exit status 0)
2026-05-26 14:27:47,188 INFO reaped unknown pid 650 (exit status 0)
2026-05-26 14:29:56,061 INFO reaped unknown pid 678 (exit status 0)
2026-05-26 14:30:29,463 INFO reaped unknown pid 685 (exit status 0)
2026-05-26 14:31:02,639 INFO reaped unknown pid 692 (exit status 0)
2026-05-26 14:33:11,751 INFO reaped unknown pid 721 (exit status 0)
2026-05-26 14:33:45,921 INFO reaped unknown pid 728 (exit status 0)
2026-05-26 14:34:18,629 INFO reaped unknown pid 735 (exit status 0)
2026-05-26 14:36:27,855 INFO reaped unknown pid 763 (exit status 0)
2026-05-26 14:37:01,097 INFO reaped unknown pid 770 (exit status 0)
2026-05-26 14:37:34,168 INFO reaped unknown pid 777 (exit status 0)
2026-05-26 14:39:43,169 INFO reaped unknown pid 805 (exit status 0)
2026-05-26 14:40:16,558 INFO reaped unknown pid 812 (exit status 0)
2026-05-26 14:40:49,874 INFO reaped unknown pid 819 (exit status 0)
2026-05-26 14:42:58,640 INFO reaped unknown pid 847 (exit status 0)
2026-05-26 14:43:32,078 INFO reaped unknown pid 855 (exit status 0)
2026-05-26 14:44:05,268 INFO reaped unknown pid 862 (exit status 0)
2026-05-26 14:46:14,280 INFO reaped unknown pid 890 (exit status 0)
2026-05-26 14:46:47,716 INFO reaped unknown pid 897 (exit status 0)
2026-05-26 14:47:21,496 INFO reaped unknown pid 904 (exit status 0)
2026-05-26 14:49:30,425 INFO reaped unknown pid 932 (exit status 0)
2026-05-26 14:50:03,812 INFO reaped unknown pid 939 (exit status 0)
2026-05-26 14:50:37,436 INFO reaped unknown pid 946 (exit status 0)
2026-05-26 14:52:47,758 INFO reaped unknown pid 975 (exit status 0)
2026-05-26 14:53:21,423 INFO reaped unknown pid 982 (exit status 0)
2026-05-26 14:53:55,077 INFO reaped unknown pid 989 (exit status 0)
2026-05-26 14:56:06,367 INFO reaped unknown pid 1017 (exit status 0)
2026-05-26 14:56:40,124 INFO reaped unknown pid 1024 (exit status 0)
2026-05-26 14:57:13,794 INFO reaped unknown pid 1031 (exit status 0)
2026-05-26 14:59:24,304 INFO reaped unknown pid 1059 (exit status 0)
2026-05-26 14:59:58,176 INFO reaped unknown pid 1066 (exit status 0)
2026-05-26 15:00:31,883 INFO reaped unknown pid 1074 (exit status 0)
2026-05-26 15:02:42,730 INFO reaped unknown pid 1103 (exit status 0)
2026-05-26 15:03:16,626 INFO reaped unknown pid 1110 (exit status 0)
2026-05-26 15:03:50,324 INFO reaped unknown pid 1117 (exit status 0)
2026-05-26 15:46:06,473 INFO reaped unknown pid 1124 (exit status 0)
2026-05-26 16:20:53,895 INFO reaped unknown pid 1131 (exit status 0)
2026-05-26 16:21:27,021 INFO reaped unknown pid 1138 (exit status 0)
2026-05-26 16:22:00,498 INFO reaped unknown pid 1145 (exit status 0)
2026-05-26 16:46:53,213 INFO reaped unknown pid 1167 (exit status 22)
2026-05-26 16:47:22,920 INFO reaped unknown pid 1176 (exit status 22)
2026-05-27 05:24:43,476 INFO reaped unknown pid 1185 (exit status 22)
2026-05-27 05:25:06,671 INFO reaped unknown pid 1195 (exit status 22)
2026-05-27 05:25:40,185 INFO reaped unknown pid 1204 (exit status 22)
2026-05-27 05:26:14,680 INFO reaped unknown pid 1213 (exit status 22)
2026-05-27 05:26:45,674 INFO reaped unknown pid 1222 (exit status 22)
2026-05-27 05:27:20,709 INFO reaped unknown pid 1231 (exit status 22)
2026-05-27 05:27:54,202 INFO reaped unknown pid 1240 (exit status 22)
2026-05-27 05:28:32,080 INFO reaped unknown pid 1249 (exit status 22)
2026-05-27 05:29:06,990 INFO reaped unknown pid 1258 (exit status 22)
2026-05-27 05:29:41,029 INFO reaped unknown pid 1267 (exit status 22)
2026-05-27 05:30:09,590 INFO reaped unknown pid 1276 (exit status 22)
2026-05-27 05:30:42,681 INFO reaped unknown pid 1285 (exit status 22)
2026-05-27 05:31:17,689 INFO reaped unknown pid 1294 (exit status 22)
2026-05-27 05:31:56,504 INFO reaped unknown pid 1303 (exit status 22)
2026-05-27 05:32:31,540 INFO reaped unknown pid 1313 (exit status 22)
2026-05-27 05:33:02,341 INFO reaped unknown pid 1322 (exit status 22)
2026-05-27 05:33:32,502 INFO reaped unknown pid 1331 (exit status 22)
2026-05-27 05:34:05,826 INFO reaped unknown pid 1340 (exit status 22)
2026-05-27 05:34:39,769 INFO reaped unknown pid 1349 (exit status 22)
2026-05-27 05:35:20,019 INFO reaped unknown pid 1358 (exit status 22)
2026-05-27 05:35:53,991 INFO reaped unknown pid 1367 (exit status 22)
2026-05-27 05:36:26,319 INFO reaped unknown pid 1376 (exit status 22)
2026-05-27 05:36:54,866 INFO reaped unknown pid 1385 (exit status 22)
2026-05-27 05:37:30,411 INFO reaped unknown pid 1394 (exit status 22)
2026-05-27 05:38:03,772 INFO reaped unknown pid 1403 (exit status 22)
2026-05-27 05:38:42,308 INFO reaped unknown pid 1412 (exit status 22)
2026-05-27 05:39:17,081 INFO reaped unknown pid 1421 (exit status 22)
2026-05-27 05:39:52,016 INFO reaped unknown pid 1430 (exit status 22)
2026-05-27 05:40:18,868 INFO reaped unknown pid 1439 (exit status 22)
2026-05-27 05:40:53,718 INFO reaped unknown pid 1448 (exit status 22)
2026-05-27 05:41:28,690 INFO reaped unknown pid 1458 (exit status 22)
2026-05-27 05:42:07,943 INFO reaped unknown pid 1467 (exit status 22)
2026-05-27 05:42:41,283 INFO reaped unknown pid 1476 (exit status 22)
2026-05-27 05:43:16,648 INFO reaped unknown pid 1485 (exit status 22)
2026-05-27 05:43:43,593 INFO reaped unknown pid 1494 (exit status 22)
2026-05-27 05:44:16,459 INFO reaped unknown pid 1503 (exit status 22)
2026-05-27 05:44:53,232 INFO reaped unknown pid 1512 (exit status 22)
2026-05-27 05:45:30,764 INFO reaped unknown pid 1521 (exit status 22)
2026-05-27 05:46:06,471 INFO reaped unknown pid 1530 (exit status 22)
2026-05-27 05:46:38,097 INFO reaped unknown pid 1539 (exit status 22)
2026-05-27 05:47:07,759 INFO reaped unknown pid 1548 (exit status 22)
2026-05-27 05:47:41,719 INFO reaped unknown pid 1557 (exit status 22)
2026-05-27 05:48:16,064 INFO reaped unknown pid 1566 (exit status 22)
2026-05-27 05:48:56,202 INFO reaped unknown pid 1575 (exit status 22)
2026-05-27 05:49:30,139 INFO reaped unknown pid 1584 (exit status 22)
2026-05-27 05:50:02,465 INFO reaped unknown pid 1593 (exit status 22)
2026-05-27 05:50:32,193 INFO reaped unknown pid 1602 (exit status 22)
2026-05-27 05:51:06,120 INFO reaped unknown pid 1611 (exit status 22)
2026-05-27 05:51:40,798 INFO reaped unknown pid 1620 (exit status 22)
2026-05-27 05:52:20,252 INFO reaped unknown pid 1629 (exit status 22)
2026-05-27 05:52:53,685 INFO reaped unknown pid 1638 (exit status 22)
2026-05-27 05:53:27,714 INFO reaped unknown pid 1647 (exit status 22)
2026-05-27 05:53:58,140 INFO reaped unknown pid 1656 (exit status 22)
2026-05-27 05:54:32,123 INFO reaped unknown pid 1665 (exit status 22)
2026-05-27 05:55:06,521 INFO reaped unknown pid 1674 (exit status 22)
2026-05-27 05:55:44,299 INFO reaped unknown pid 1683 (exit status 22)
2026-05-27 05:56:18,640 INFO reaped unknown pid 1692 (exit status 22)
2026-05-27 05:56:50,979 INFO reaped unknown pid 1702 (exit status 22)
2026-05-27 05:57:20,669 INFO reaped unknown pid 1711 (exit status 22)
2026-05-27 05:57:55,768 INFO reaped unknown pid 1720 (exit status 22)
2026-05-27 05:58:29,719 INFO reaped unknown pid 1729 (exit status 22)
2026-05-27 05:59:08,295 INFO reaped unknown pid 1738 (exit status 22)
2026-05-27 05:59:42,546 INFO reaped unknown pid 1747 (exit status 22)
2026-05-27 06:00:16,188 INFO reaped unknown pid 1756 (exit status 22)
2026-05-27 06:00:45,930 INFO reaped unknown pid 1765 (exit status 22)
2026-05-27 06:01:19,855 INFO reaped unknown pid 1774 (exit status 22)
2026-05-27 06:01:53,912 INFO reaped unknown pid 1783 (exit status 22)
2026-05-27 06:02:32,335 INFO reaped unknown pid 1792 (exit status 22)
2026-05-27 06:03:06,763 INFO reaped unknown pid 1801 (exit status 22)
2026-05-27 06:03:41,215 INFO reaped unknown pid 1810 (exit status 22)
2026-05-27 06:04:12,159 INFO reaped unknown pid 1819 (exit status 22)
2026-05-27 06:04:45,582 INFO reaped unknown pid 1828 (exit status 22)
2026-05-27 06:05:20,283 INFO reaped unknown pid 1837 (exit status 22)
2026-05-27 06:05:58,835 INFO reaped unknown pid 1846 (exit status 22)
2026-05-27 06:06:32,986 INFO reaped unknown pid 1855 (exit status 22)
2026-05-27 06:07:06,887 INFO reaped unknown pid 1864 (exit status 22)
2026-05-27 06:07:36,730 INFO reaped unknown pid 1873 (exit status 22)
2026-05-27 06:08:10,351 INFO reaped unknown pid 1882 (exit status 22)
2026-05-27 06:08:45,390 INFO reaped unknown pid 1891 (exit status 22)
2026-05-27 06:09:24,050 INFO reaped unknown pid 1900 (exit status 22)
2026-05-27 06:09:58,471 INFO reaped unknown pid 1909 (exit status 22)
2026-05-27 06:10:33,142 INFO reaped unknown pid 1918 (exit status 22)
2026-05-27 06:11:01,969 INFO reaped unknown pid 1927 (exit status 22)
2026-05-27 06:11:42,327 INFO reaped unknown pid 1936 (exit status 22)
2026-05-27 06:12:12,928 INFO reaped unknown pid 1945 (exit status 22)
2026-05-27 06:12:53,108 INFO reaped unknown pid 1954 (exit status 22)
2026-05-27 06:13:26,353 INFO reaped unknown pid 1963 (exit status 22)
2026-05-27 06:14:01,571 INFO reaped unknown pid 1972 (exit status 22)
2026-05-27 06:14:31,313 INFO reaped unknown pid 1981 (exit status 22)
2026-05-27 06:15:07,552 INFO reaped unknown pid 1990 (exit status 22)
2026-05-27 06:15:40,234 INFO reaped unknown pid 1999 (exit status 22)
2026-05-27 06:16:18,314 INFO reaped unknown pid 2008 (exit status 22)
2026-05-27 06:16:50,683 INFO reaped unknown pid 2017 (exit status 22)
2026-05-27 06:17:26,589 INFO reaped unknown pid 2026 (exit status 22)
2026-05-27 06:17:56,775 INFO reaped unknown pid 2035 (exit status 22)
2026-05-27 06:18:33,353 INFO reaped unknown pid 2044 (exit status 22)
2026-05-27 06:19:05,874 INFO reaped unknown pid 2053 (exit status 22)
2026-05-27 06:19:44,708 INFO reaped unknown pid 2062 (exit status 22)
2026-05-27 06:20:16,961 INFO reaped unknown pid 2072 (exit status 22)
2026-05-27 06:20:52,772 INFO reaped unknown pid 2081 (exit status 22)
2026-05-27 06:21:22,847 INFO reaped unknown pid 2090 (exit status 22)
2026-05-27 07:05:17,262 INFO reaped unknown pid 2099 (exit status 22)
2026-05-27 07:05:52,687 INFO reaped unknown pid 2108 (exit status 22)
2026-05-27 07:06:25,712 INFO reaped unknown pid 2117 (exit status 22)
2026-05-27 07:06:59,065 INFO reaped unknown pid 2126 (exit status 22)
2026-05-27 07:07:27,706 INFO reaped unknown pid 2135 (exit status 22)
2026-05-27 07:08:03,713 INFO reaped unknown pid 2144 (exit status 22)
2026-05-27 07:08:37,375 INFO reaped unknown pid 2154 (exit status 22)
2026-05-27 07:09:15,819 INFO reaped unknown pid 2163 (exit status 22)
2026-05-27 07:09:50,217 INFO reaped unknown pid 2172 (exit status 22)
2026-05-27 07:10:23,960 INFO reaped unknown pid 2181 (exit status 22)
2026-05-27 07:10:53,486 INFO reaped unknown pid 2190 (exit status 22)
2026-05-27 07:11:27,618 INFO reaped unknown pid 2199 (exit status 22)
2026-05-27 07:12:02,016 INFO reaped unknown pid 2208 (exit status 22)
2026-05-27 07:12:40,658 INFO reaped unknown pid 2217 (exit status 22)
2026-05-27 07:13:14,852 INFO reaped unknown pid 2227 (exit status 22)
2026-05-27 07:13:48,604 INFO reaped unknown pid 2236 (exit status 22)
2026-05-27 07:14:18,510 INFO reaped unknown pid 2246 (exit status 22)
2026-05-27 07:14:52,885 INFO reaped unknown pid 2255 (exit status 22)
2026-05-27 07:15:27,469 INFO reaped unknown pid 2264 (exit status 22)
2026-05-27 07:16:06,458 INFO reaped unknown pid 2273 (exit status 22)
2026-05-27 07:16:40,556 INFO reaped unknown pid 2282 (exit status 22)
2026-05-27 07:17:15,404 INFO reaped unknown pid 2291 (exit status 22)
2026-05-27 07:17:45,159 INFO reaped unknown pid 2300 (exit status 22)
2026-05-27 07:18:18,405 INFO reaped unknown pid 2310 (exit status 22)
2026-05-27 07:18:52,874 INFO reaped unknown pid 2320 (exit status 22)
2026-05-27 07:19:31,548 INFO reaped unknown pid 2329 (exit status 22)
2026-05-27 07:20:05,581 INFO reaped unknown pid 2338 (exit status 22)
2026-05-27 07:20:39,752 INFO reaped unknown pid 2347 (exit status 22)
2026-05-27 07:21:09,476 INFO reaped unknown pid 2356 (exit status 22)
2026-05-27 07:21:43,960 INFO reaped unknown pid 2365 (exit status 22)
2026-05-27 07:22:18,283 INFO reaped unknown pid 2374 (exit status 22)
2026-05-27 07:22:57,963 INFO reaped unknown pid 2384 (exit status 22)
2026-05-27 07:23:32,224 INFO reaped unknown pid 2393 (exit status 22)
2026-05-27 07:24:05,305 INFO reaped unknown pid 2402 (exit status 22)
2026-05-27 07:24:35,310 INFO reaped unknown pid 2411 (exit status 22)
2026-05-27 07:25:09,763 INFO reaped unknown pid 2420 (exit status 22)
2026-05-27 07:25:44,494 INFO reaped unknown pid 2429 (exit status 22)
2026-05-27 07:26:23,263 INFO reaped unknown pid 2438 (exit status 22)
2026-05-27 07:26:57,944 INFO reaped unknown pid 2447 (exit status 22)
2026-05-27 07:27:32,267 INFO reaped unknown pid 2456 (exit status 22)
2026-05-27 07:28:02,504 INFO reaped unknown pid 2465 (exit status 22)
2026-05-27 07:28:37,172 INFO reaped unknown pid 2474 (exit status 22)
2026-05-27 07:29:12,179 INFO reaped unknown pid 2483 (exit status 22)
2026-05-27 07:29:51,239 INFO reaped unknown pid 2492 (exit status 22)
2026-05-27 07:30:25,873 INFO reaped unknown pid 2501 (exit status 22)
2026-05-27 07:31:01,146 INFO reaped unknown pid 2510 (exit status 22)
2026-05-27 07:31:31,459 INFO reaped unknown pid 2519 (exit status 22)
2026-05-27 07:32:05,026 INFO reaped unknown pid 2528 (exit status 22)
2026-05-27 07:32:39,943 INFO reaped unknown pid 2537 (exit status 22)
2026-05-27 07:33:21,159 INFO reaped unknown pid 2546 (exit status 22)
2026-05-27 07:33:54,653 INFO reaped unknown pid 2555 (exit status 22)
2026-05-27 07:34:29,367 INFO reaped unknown pid 2564 (exit status 22)
2026-05-27 07:34:57,485 INFO reaped unknown pid 2573 (exit status 22)
2026-05-27 07:35:32,016 INFO reaped unknown pid 2582 (exit status 22)
2026-05-27 07:36:06,881 INFO reaped unknown pid 2591 (exit status 22)
2026-05-27 07:36:47,319 INFO reaped unknown pid 2600 (exit status 22)
2026-05-27 07:37:23,159 INFO reaped unknown pid 2609 (exit status 22)
2026-05-27 07:37:56,070 INFO reaped unknown pid 2618 (exit status 22)
2026-05-27 07:38:26,049 INFO reaped unknown pid 2627 (exit status 22)
2026-05-27 07:39:01,452 INFO reaped unknown pid 2636 (exit status 22)
2026-05-27 07:39:35,192 INFO reaped unknown pid 2645 (exit status 22)
2026-05-27 07:40:14,220 INFO reaped unknown pid 2655 (exit status 22)
2026-05-27 07:40:48,539 INFO reaped unknown pid 2664 (exit status 22)
2026-05-27 07:41:23,104 INFO reaped unknown pid 2673 (exit status 22)
2026-05-27 07:41:53,145 INFO reaped unknown pid 2682 (exit status 22)
2026-05-27 07:42:27,659 INFO reaped unknown pid 2691 (exit status 22)
2026-05-27 07:43:02,552 INFO reaped unknown pid 2700 (exit status 22)
2026-05-27 07:43:41,466 INFO reaped unknown pid 2709 (exit status 22)
2026-05-27 07:44:16,124 INFO reaped unknown pid 2718 (exit status 22)
2026-05-27 07:44:50,311 INFO reaped unknown pid 2727 (exit status 22)
2026-05-27 07:45:20,507 INFO reaped unknown pid 2736 (exit status 22)
2026-05-27 07:45:55,154 INFO reaped unknown pid 2745 (exit status 22)
2026-05-27 07:46:30,051 INFO reaped unknown pid 2754 (exit status 22)
2026-05-27 07:47:08,994 INFO reaped unknown pid 2762 (exit status 22)
2026-05-27 07:47:43,999 INFO reaped unknown pid 2771 (exit status 22)
2026-05-27 07:48:18,366 INFO reaped unknown pid 2780 (exit status 22)
2026-05-27 07:48:48,733 INFO reaped unknown pid 2789 (exit status 22)
2026-05-27 07:49:23,571 INFO reaped unknown pid 2799 (exit status 22)
2026-05-27 07:49:58,528 INFO reaped unknown pid 2808 (exit status 22)
2026-05-27 07:50:37,236 INFO reaped unknown pid 2817 (exit status 22)
2026-05-27 07:51:12,020 INFO reaped unknown pid 2827 (exit status 22)
2026-05-27 07:51:46,230 INFO reaped unknown pid 2836 (exit status 22)
2026-05-27 07:52:16,450 INFO reaped unknown pid 2845 (exit status 22)
2026-05-27 07:52:50,936 INFO reaped unknown pid 2854 (exit status 22)
2026-05-27 07:53:26,968 INFO reaped unknown pid 2863 (exit status 22)
2026-05-27 07:54:05,857 INFO reaped unknown pid 2872 (exit status 22)
2026-05-27 07:54:39,490 INFO reaped unknown pid 2881 (exit status 22)
2026-05-27 07:55:13,964 INFO reaped unknown pid 2890 (exit status 22)
2026-05-27 07:55:43,930 INFO reaped unknown pid 2899 (exit status 22)
2026-05-27 07:56:18,535 INFO reaped unknown pid 2908 (exit status 22)
2026-05-27 07:56:53,399 INFO reaped unknown pid 2917 (exit status 22)
2026-05-27 07:57:32,347 INFO reaped unknown pid 2927 (exit status 22)
2026-05-27 07:58:06,813 INFO reaped unknown pid 2936 (exit status 22)
2026-05-27 07:58:41,177 INFO reaped unknown pid 2945 (exit status 22)
2026-05-27 07:59:11,646 INFO reaped unknown pid 2954 (exit status 22)
2026-05-27 07:59:46,326 INFO reaped unknown pid 2963 (exit status 22)
2026-05-27 08:00:21,257 INFO reaped unknown pid 2972 (exit status 22)
2026-05-27 08:01:00,479 INFO reaped unknown pid 2981 (exit status 22)
2026-05-27 08:01:35,372 INFO reaped unknown pid 2990 (exit status 22)
2026-05-27 08:02:10,061 INFO reaped unknown pid 2999 (exit status 22)
2026-05-27 08:02:40,462 INFO reaped unknown pid 3008 (exit status 22)
2026-05-27 08:03:15,950 INFO reaped unknown pid 3017 (exit status 22)
2026-05-27 08:03:50,510 INFO reaped unknown pid 3026 (exit status 22)
2026-05-27 08:04:31,497 INFO reaped unknown pid 3035 (exit status 22)
2026-05-27 08:05:06,255 INFO reaped unknown pid 3044 (exit status 22)
2026-05-27 08:05:40,749 INFO reaped unknown pid 3053 (exit status 22)
2026-05-27 08:06:09,432 INFO reaped unknown pid 3062 (exit status 22)
2026-05-27 08:06:44,135 INFO reaped unknown pid 3071 (exit status 22)
2026-05-27 08:07:20,915 INFO reaped unknown pid 3080 (exit status 22)
2026-05-27 08:08:00,074 INFO reaped unknown pid 3089 (exit status 22)
2026-05-27 08:08:35,814 INFO reaped unknown pid 3098 (exit status 22)
2026-05-27 08:09:09,337 INFO reaped unknown pid 3107 (exit status 22)
2026-05-27 08:09:39,805 INFO reaped unknown pid 3116 (exit status 22)
2026-05-27 08:10:14,577 INFO reaped unknown pid 3125 (exit status 22)
2026-05-27 08:10:49,553 INFO reaped unknown pid 3134 (exit status 22)
2026-05-27 08:11:28,763 INFO reaped unknown pid 3143 (exit status 22)
2026-05-27 08:12:03,494 INFO reaped unknown pid 3152 (exit status 22)
2026-05-27 08:12:37,863 INFO reaped unknown pid 3161 (exit status 22)
2026-05-27 08:13:08,561 INFO reaped unknown pid 3170 (exit status 22)
2026-05-27 08:13:43,417 INFO reaped unknown pid 3178 (exit status 22)
2026-05-27 08:14:18,433 INFO reaped unknown pid 3187 (exit status 22)
2026-05-27 08:14:57,577 INFO reaped unknown pid 3196 (exit status 22)
2026-05-27 08:15:33,423 INFO reaped unknown pid 3205 (exit status 22)
2026-05-27 08:16:06,979 INFO reaped unknown pid 3214 (exit status 22)
2026-05-27 08:16:37,496 INFO reaped unknown pid 3224 (exit status 22)
2026-05-27 08:17:15,106 INFO reaped unknown pid 3233 (exit status 22)
2026-05-27 08:17:48,161 INFO reaped unknown pid 3242 (exit status 22)
2026-05-27 08:18:27,301 INFO reaped unknown pid 3251 (exit status 22)
2026-05-27 08:19:01,200 INFO reaped unknown pid 3260 (exit status 22)
2026-05-27 08:19:36,880 INFO reaped unknown pid 3269 (exit status 22)
2026-05-27 08:20:07,374 INFO reaped unknown pid 3278 (exit status 22)
2026-05-27 08:20:44,280 INFO reaped unknown pid 3287 (exit status 22)
2026-05-27 08:21:17,520 INFO reaped unknown pid 3296 (exit status 22)
2026-05-27 08:21:56,825 INFO reaped unknown pid 3305 (exit status 22)
2026-05-27 08:22:29,553 INFO reaped unknown pid 3314 (exit status 22)
2026-05-27 08:23:06,158 INFO reaped unknown pid 3323 (exit status 22)
2026-05-27 08:23:36,832 INFO reaped unknown pid 3332 (exit status 22)
2026-05-27 08:24:13,701 INFO reaped unknown pid 3341 (exit status 22)
2026-05-27 08:24:46,985 INFO reaped unknown pid 3350 (exit status 22)
2026-05-27 08:25:26,351 INFO reaped unknown pid 3359 (exit status 22)
2026-05-27 08:25:59,251 INFO reaped unknown pid 3368 (exit status 22)
2026-05-27 08:26:35,865 INFO reaped unknown pid 3377 (exit status 22)
2026-05-27 08:27:06,616 INFO reaped unknown pid 3386 (exit status 22)
2026-05-27 08:27:43,803 INFO reaped unknown pid 3395 (exit status 22)
2026-05-27 08:28:19,111 INFO reaped unknown pid 3404 (exit status 22)
2026-05-27 08:28:56,772 INFO reaped unknown pid 3413 (exit status 22)
2026-05-27 08:29:29,358 INFO reaped unknown pid 3422 (exit status 22)
2026-05-27 08:30:04,129 INFO reaped unknown pid 3431 (exit status 22)
2026-05-27 08:30:36,088 INFO reaped unknown pid 3440 (exit status 22)
2026-05-27 08:31:13,067 INFO reaped unknown pid 3449 (exit status 22)
2026-05-27 08:31:48,201 INFO reaped unknown pid 3458 (exit status 22)
2026-05-27 08:32:27,731 INFO reaped unknown pid 3467 (exit status 22)
2026-05-27 08:32:58,845 INFO reaped unknown pid 3476 (exit status 22)
2026-05-27 08:33:35,375 INFO reaped unknown pid 3485 (exit status 22)
2026-05-27 08:34:05,742 INFO reaped unknown pid 3494 (exit status 22)
2026-05-27 08:34:44,463 INFO reaped unknown pid 3503 (exit status 22)
2026-05-27 08:35:20,772 INFO reaped unknown pid 3512 (exit status 22)
2026-05-27 08:35:57,241 INFO reaped unknown pid 3521 (exit status 22)
2026-05-27 08:36:30,047 INFO reaped unknown pid 3530 (exit status 22)
2026-05-27 08:37:06,273 INFO reaped unknown pid 3539 (exit status 22)
2026-05-27 08:37:37,294 INFO reaped unknown pid 3549 (exit status 22)
2026-05-27 08:38:14,746 INFO reaped unknown pid 3558 (exit status 22)
2026-05-27 08:38:49,641 INFO reaped unknown pid 3567 (exit status 22)
2026-05-27 08:39:27,220 INFO reaped unknown pid 3576 (exit status 22)
2026-05-27 08:40:00,308 INFO reaped unknown pid 3585 (exit status 22)
2026-05-27 08:40:35,135 INFO reaped unknown pid 3595 (exit status 22)
2026-05-27 08:41:07,868 INFO reaped unknown pid 3604 (exit status 22)
2026-05-27 08:41:44,879 INFO reaped unknown pid 3613 (exit status 22)
2026-05-27 08:42:19,837 INFO reaped unknown pid 3622 (exit status 22)
2026-05-27 08:42:57,330 INFO reaped unknown pid 3631 (exit status 22)
2026-05-27 08:43:30,515 INFO reaped unknown pid 3640 (exit status 22)
2026-05-27 08:44:05,498 INFO reaped unknown pid 3650 (exit status 22)
2026-05-27 08:44:37,751 INFO reaped unknown pid 3659 (exit status 22)
2026-05-27 08:45:14,924 INFO reaped unknown pid 3668 (exit status 22)
2026-05-27 08:45:49,818 INFO reaped unknown pid 3677 (exit status 22)
2026-05-27 08:46:28,474 INFO reaped unknown pid 3686 (exit status 22)
2026-05-27 08:47:01,890 INFO reaped unknown pid 3695 (exit status 22)
2026-05-27 08:47:37,470 INFO reaped unknown pid 3704 (exit status 22)
2026-05-27 08:48:11,245 INFO reaped unknown pid 3713 (exit status 22)
2026-05-27 08:48:47,039 INFO reaped unknown pid 3722 (exit status 22)
2026-05-27 08:49:21,947 INFO reaped unknown pid 3731 (exit status 22)
2026-05-27 08:49:59,470 INFO reaped unknown pid 3740 (exit status 22)
2026-05-27 08:50:32,649 INFO reaped unknown pid 3749 (exit status 22)
2026-05-27 08:51:07,872 INFO reaped unknown pid 3758 (exit status 22)
2026-05-27 08:51:40,504 INFO reaped unknown pid 3767 (exit status 22)
2026-05-27 08:52:17,522 INFO reaped unknown pid 3777 (exit status 22)
2026-05-27 08:52:52,668 INFO reaped unknown pid 3786 (exit status 22)
2026-05-27 08:53:30,103 INFO reaped unknown pid 3796 (exit status 22)
2026-05-27 08:54:03,130 INFO reaped unknown pid 3806 (exit status 22)
2026-05-27 08:54:38,402 INFO reaped unknown pid 3816 (exit status 22)
2026-05-27 08:55:11,721 INFO reaped unknown pid 3825 (exit status 22)
2026-05-27 08:55:47,583 INFO reaped unknown pid 3834 (exit status 22)
2026-05-27 08:56:22,614 INFO reaped unknown pid 3843 (exit status 22)
2026-05-27 08:57:00,452 INFO reaped unknown pid 3853 (exit status 22)
2026-05-27 08:57:33,072 INFO reaped unknown pid 3862 (exit status 22)
2026-05-27 08:58:09,120 INFO reaped unknown pid 3871 (exit status 22)
2026-05-27 08:58:40,247 INFO reaped unknown pid 3880 (exit status 22)
2026-05-27 08:59:17,223 INFO reaped unknown pid 3889 (exit status 22)
2026-05-27 08:59:52,179 INFO reaped unknown pid 3898 (exit status 22)
2026-05-27 09:00:31,787 INFO reaped unknown pid 3907 (exit status 22)
2026-05-27 09:01:02,741 INFO reaped unknown pid 3916 (exit status 22)
2026-05-27 09:01:41,138 INFO reaped unknown pid 3925 (exit status 22)
2026-05-27 09:02:10,524 INFO reaped unknown pid 3934 (exit status 22)
2026-05-27 09:02:50,211 INFO reaped unknown pid 3943 (exit status 22)
2026-05-27 09:03:25,685 INFO reaped unknown pid 3952 (exit status 22)
2026-05-27 09:04:02,289 INFO reaped unknown pid 3961 (exit status 22)
2026-05-27 09:04:35,210 INFO reaped unknown pid 3970 (exit status 22)
2026-05-27 09:05:10,184 INFO reaped unknown pid 3979 (exit status 22)
2026-05-27 09:05:42,338 INFO reaped unknown pid 3989 (exit status 22)
2026-05-27 09:06:19,090 INFO reaped unknown pid 3998 (exit status 22)
2026-05-27 09:06:53,960 INFO reaped unknown pid 4008 (exit status 22)
2026-05-27 09:07:31,525 INFO reaped unknown pid 4018 (exit status 22)
2026-05-27 09:08:05,348 INFO reaped unknown pid 4027 (exit status 22)
2026-05-27 09:08:39,174 INFO reaped unknown pid 4036 (exit status 22)
2026-05-27 09:09:11,295 INFO reaped unknown pid 4045 (exit status 22)
2026-05-27 09:09:48,063 INFO reaped unknown pid 4054 (exit status 22)
2026-05-27 09:10:23,773 INFO reaped unknown pid 4063 (exit status 22)
2026-05-27 09:11:03,938 INFO reaped unknown pid 4072 (exit status 22)
2026-05-27 09:11:36,239 INFO reaped unknown pid 4081 (exit status 22)
2026-05-27 09:12:11,328 INFO reaped unknown pid 4090 (exit status 22)
2026-05-27 09:12:43,206 INFO reaped unknown pid 4099 (exit status 22)
2026-05-27 09:13:20,415 INFO reaped unknown pid 4108 (exit status 22)
2026-05-27 09:13:55,499 INFO reaped unknown pid 4117 (exit status 22)
2026-05-27 09:14:34,688 INFO reaped unknown pid 4126 (exit status 22)
2026-05-27 09:15:06,341 INFO reaped unknown pid 4136 (exit status 22)
2026-05-27 09:15:41,555 INFO reaped unknown pid 4145 (exit status 22)
2026-05-27 09:16:13,482 INFO reaped unknown pid 4154 (exit status 22)
2026-05-27 09:16:51,100 INFO reaped unknown pid 4163 (exit status 22)
2026-05-27 09:17:26,274 INFO reaped unknown pid 4172 (exit status 22)
2026-05-27 09:18:05,095 INFO reaped unknown pid 4181 (exit status 22)
2026-05-27 09:18:37,626 INFO reaped unknown pid 4190 (exit status 22)
2026-05-27 09:19:12,978 INFO reaped unknown pid 4200 (exit status 22)
2026-05-27 09:19:44,843 INFO reaped unknown pid 4209 (exit status 22)
2026-05-27 09:20:22,747 INFO reaped unknown pid 4218 (exit status 22)
2026-05-27 09:20:58,823 INFO reaped unknown pid 4227 (exit status 22)
2026-05-27 09:21:36,291 INFO reaped unknown pid 4236 (exit status 22)
2026-05-27 09:22:09,695 INFO reaped unknown pid 4245 (exit status 22)
2026-05-27 09:22:44,935 INFO reaped unknown pid 4254 (exit status 22)
2026-05-27 09:23:15,471 INFO reaped unknown pid 4263 (exit status 22)
2026-05-27 09:23:53,373 INFO reaped unknown pid 4272 (exit status 22)
2026-05-27 09:24:28,361 INFO reaped unknown pid 4281 (exit status 22)
2026-05-27 09:25:06,716 INFO reaped unknown pid 4290 (exit status 22)
2026-05-27 09:25:39,277 INFO reaped unknown pid 4299 (exit status 22)
2026-05-27 09:26:14,269 INFO reaped unknown pid 4308 (exit status 22)
2026-05-27 09:26:47,122 INFO reaped unknown pid 4317 (exit status 22)
2026-05-27 09:27:23,828 INFO reaped unknown pid 4326 (exit status 22)
2026-05-27 09:27:59,414 INFO reaped unknown pid 4336 (exit status 22)
2026-05-27 09:28:40,185 INFO reaped unknown pid 4345 (exit status 22)
2026-05-27 09:29:13,176 INFO reaped unknown pid 4354 (exit status 22)
2026-05-27 09:29:48,455 INFO reaped unknown pid 4363 (exit status 22)
2026-05-27 09:30:17,736 INFO reaped unknown pid 4372 (exit status 22)
2026-05-27 09:30:58,281 INFO reaped unknown pid 4380 (exit status 22)
2026-05-27 09:31:33,557 INFO reaped unknown pid 4389 (exit status 22)
2026-05-27 09:32:12,134 INFO reaped unknown pid 4398 (exit status 22)
2026-05-27 09:32:44,842 INFO reaped unknown pid 4407 (exit status 22)
2026-05-27 09:33:20,161 INFO reaped unknown pid 4416 (exit status 22)
2026-05-27 09:33:52,140 INFO reaped unknown pid 4425 (exit status 22)
2026-05-27 09:34:30,065 INFO reaped unknown pid 4434 (exit status 22)
2026-05-27 09:35:05,443 INFO reaped unknown pid 4443 (exit status 22)
2026-05-27 09:35:43,996 INFO reaped unknown pid 4451 (exit status 22)
2026-05-27 09:36:16,764 INFO reaped unknown pid 4460 (exit status 22)
2026-05-27 09:36:51,995 INFO reaped unknown pid 4469 (exit status 22)
2026-05-27 09:37:23,782 INFO reaped unknown pid 4478 (exit status 22)
2026-05-27 09:38:02,874 INFO reaped unknown pid 4487 (exit status 22)
2026-05-27 09:38:37,091 INFO reaped unknown pid 4496 (exit status 22)
2026-05-27 09:39:15,741 INFO reaped unknown pid 4505 (exit status 22)
2026-05-27 09:39:48,555 INFO reaped unknown pid 4515 (exit status 22)
2026-05-27 09:40:24,023 INFO reaped unknown pid 4524 (exit status 22)
2026-05-27 09:40:55,928 INFO reaped unknown pid 4534 (exit status 22)
2026-05-27 09:41:33,695 INFO reaped unknown pid 4543 (exit status 22)
2026-05-27 09:42:09,034 INFO reaped unknown pid 4552 (exit status 22)
2026-05-27 09:42:49,512 INFO reaped unknown pid 4561 (exit status 22)
2026-05-27 09:43:22,045 INFO reaped unknown pid 4570 (exit status 22)
2026-05-27 09:43:50,090 INFO reaped unknown pid 4579 (exit status 0)
2026-05-27 09:45:36,736 INFO reaped unknown pid 4600 (exit status 0)
2026-05-27 09:46:11,264 INFO reaped unknown pid 4607 (exit status 0)
2026-05-27 09:46:46,553 INFO reaped unknown pid 4614 (exit status 0)
2026-05-27 09:47:22,022 INFO reaped unknown pid 4621 (exit status 0)
2026-05-27 09:49:41,094 INFO reaped unknown pid 4649 (exit status 0)
2026-05-27 09:50:16,344 INFO reaped unknown pid 4656 (exit status 0)
2026-05-27 09:50:52,288 INFO reaped unknown pid 4663 (exit status 0)
2026-05-27 09:53:11,256 INFO reaped unknown pid 4691 (exit status 0)
2026-05-27 09:53:46,623 INFO reaped unknown pid 4698 (exit status 0)
2026-05-27 09:54:21,729 INFO reaped unknown pid 4705 (exit status 0)
2026-05-27 09:56:40,150 INFO reaped unknown pid 4733 (exit status 0)
2026-05-27 09:57:15,922 INFO reaped unknown pid 4740 (exit status 0)
2026-05-27 09:57:50,988 INFO reaped unknown pid 4754 (exit status 0)
2026-05-27 09:59:35,235 INFO reaped unknown pid 4775 (exit status 0)
2026-05-27 10:00:10,580 INFO reaped unknown pid 4782 (exit status 0)
2026-05-27 10:00:45,648 INFO reaped unknown pid 4789 (exit status 0)
2026-05-27 10:02:30,052 INFO reaped unknown pid 4810 (exit status 0)
2026-05-27 10:03:05,789 INFO reaped unknown pid 4817 (exit status 0)
2026-05-27 10:03:41,042 INFO reaped unknown pid 4824 (exit status 0)
2026-05-27 10:05:25,426 INFO reaped unknown pid 4845 (exit status 0)
2026-05-27 10:06:00,757 INFO reaped unknown pid 4852 (exit status 0)
2026-05-27 10:07:45,352 INFO reaped unknown pid 4873 (exit status 0)
2026-05-27 10:08:20,998 INFO reaped unknown pid 4880 (exit status 0)
2026-05-27 10:08:56,384 INFO reaped unknown pid 4887 (exit status 0)
2026-05-27 10:11:13,903 INFO reaped unknown pid 4915 (exit status 0)
2026-05-27 10:11:49,239 INFO reaped unknown pid 4922 (exit status 0)
2026-05-27 10:14:07,299 INFO reaped unknown pid 4950 (exit status 0)
2026-05-27 10:14:42,650 INFO reaped unknown pid 4957 (exit status 0)
2026-05-27 10:15:17,645 INFO reaped unknown pid 4964 (exit status 0)
2026-05-27 10:17:35,756 INFO reaped unknown pid 4992 (exit status 0)
2026-05-27 10:18:11,277 INFO reaped unknown pid 5000 (exit status 0)
2026-05-27 10:19:54,552 INFO reaped unknown pid 5021 (exit status 0)
2026-05-27 10:20:29,611 INFO reaped unknown pid 5028 (exit status 0)
2026-05-27 10:22:47,249 INFO reaped unknown pid 5058 (exit status 0)
2026-05-27 10:25:38,652 INFO reaped unknown pid 5093 (exit status 0)
2026-05-27 10:28:31,101 INFO reaped unknown pid 5129 (exit status 0)
2026-05-27 10:29:07,198 INFO reaped unknown pid 5136 (exit status 0)
2026-05-27 10:30:52,509 INFO reaped unknown pid 5157 (exit status 0)
2026-05-27 10:31:27,763 INFO reaped unknown pid 5165 (exit status 0)
2026-05-27 10:32:03,605 INFO reaped unknown pid 5172 (exit status 0)
2026-05-27 10:33:14,691 INFO reaped unknown pid 5186 (exit status 0)
2026-05-27 10:33:49,901 INFO reaped unknown pid 5193 (exit status 0)
2026-05-27 10:34:25,784 INFO reaped unknown pid 5200 (exit status 0)
2026-05-27 10:36:09,680 INFO reaped unknown pid 5221 (exit status 0)
2026-05-27 10:36:45,443 INFO reaped unknown pid 5228 (exit status 0)
2026-05-27 10:39:04,942 INFO reaped unknown pid 5257 (exit status 0)
2026-05-27 10:39:40,103 INFO reaped unknown pid 5264 (exit status 0)
2026-05-27 10:40:15,813 INFO reaped unknown pid 5271 (exit status 0)
2026-05-27 10:44:14,834 INFO reaped unknown pid 5321 (exit status 0)
2026-05-27 10:45:23,534 INFO reaped unknown pid 5335 (exit status 0)
2026-05-27 10:46:33,780 INFO reaped unknown pid 5349 (exit status 0)
2026-05-27 10:47:44,863 INFO reaped unknown pid 5363 (exit status 0)
2026-05-27 10:48:53,284 INFO reaped unknown pid 5377 (exit status 0)
2026-05-27 10:50:03,880 INFO reaped unknown pid 5391 (exit status 0)
2026-05-27 10:51:14,177 INFO reaped unknown pid 5406 (exit status 0)
2026-05-27 10:53:34,310 INFO reaped unknown pid 5434 (exit status 0)
2026-05-27 10:54:43,589 INFO reaped unknown pid 5448 (exit status 0)
2026-05-27 10:55:55,307 INFO reaped unknown pid 5469 (exit status 0)
2026-05-27 10:58:15,078 INFO reaped unknown pid 5497 (exit status 0)
2026-05-27 10:59:24,157 INFO reaped unknown pid 5527 (exit status 0)
2026-05-27 11:02:49,418 INFO reaped unknown pid 5578 (exit status 0)
2026-05-27 11:03:25,710 INFO reaped unknown pid 5585 (exit status 0)
2026-05-27 11:05:09,921 INFO reaped unknown pid 5615 (exit status 0)
2026-05-27 11:05:46,571 INFO reaped unknown pid 5622 (exit status 0)
2026-05-27 11:06:21,994 INFO reaped unknown pid 5629 (exit status 0)
2026-05-27 11:08:40,275 INFO reaped unknown pid 5657 (exit status 0)
2026-05-27 11:09:16,740 INFO reaped unknown pid 5664 (exit status 0)
2026-05-27 11:09:52,106 INFO reaped unknown pid 5672 (exit status 0)
2026-05-27 11:12:11,177 INFO reaped unknown pid 5700 (exit status 0)
2026-05-27 11:12:47,781 INFO reaped unknown pid 5707 (exit status 0)
2026-05-27 11:13:23,490 INFO reaped unknown pid 5714 (exit status 0)
2026-05-27 11:15:42,892 INFO reaped unknown pid 5743 (exit status 0)
2026-05-27 11:16:19,563 INFO reaped unknown pid 5750 (exit status 0)
2026-05-27 11:16:55,294 INFO reaped unknown pid 5757 (exit status 0)
2026-05-27 11:19:14,666 INFO reaped unknown pid 5785 (exit status 0)
2026-05-27 11:19:51,244 INFO reaped unknown pid 5792 (exit status 0)
2026-05-27 11:20:26,993 INFO reaped unknown pid 5799 (exit status 0)
2026-05-27 11:22:45,771 INFO reaped unknown pid 5827 (exit status 0)
2026-05-27 11:23:22,487 INFO reaped unknown pid 5834 (exit status 0)
2026-05-27 11:24:00,626 INFO reaped unknown pid 5841 (exit status 0)
2026-05-27 11:26:17,572 INFO reaped unknown pid 5869 (exit status 0)
2026-05-27 11:26:56,885 INFO reaped unknown pid 5876 (exit status 0)
2026-05-27 11:27:32,679 INFO reaped unknown pid 5883 (exit status 0)
2026-05-27 11:29:49,673 INFO reaped unknown pid 5911 (exit status 0)
2026-05-27 11:30:29,108 INFO reaped unknown pid 5918 (exit status 0)
2026-05-27 11:31:04,930 INFO reaped unknown pid 5925 (exit status 0)
2026-05-27 11:33:24,373 INFO reaped unknown pid 5954 (exit status 0)
2026-05-27 11:34:00,923 INFO reaped unknown pid 5961 (exit status 0)
2026-05-27 11:34:36,665 INFO reaped unknown pid 5968 (exit status 0)
2026-05-27 11:36:21,350 INFO reaped unknown pid 5989 (exit status 0)
2026-05-27 11:36:57,329 INFO reaped unknown pid 5996 (exit status 0)
2026-05-27 11:37:33,946 INFO reaped unknown pid 6003 (exit status 0)
2026-05-27 11:38:09,033 INFO reaped unknown pid 6010 (exit status 0)
2026-05-27 11:40:29,175 INFO reaped unknown pid 6038 (exit status 0)
2026-05-27 11:41:05,823 INFO reaped unknown pid 6045 (exit status 0)
2026-05-27 11:41:40,845 INFO reaped unknown pid 6052 (exit status 0)
2026-05-27 11:44:01,199 INFO reaped unknown pid 6081 (exit status 0)
2026-05-27 11:44:38,165 INFO reaped unknown pid 6088 (exit status 0)
2026-05-27 11:45:13,307 INFO reaped unknown pid 6095 (exit status 0)
2026-05-27 11:47:33,628 INFO reaped unknown pid 6123 (exit status 0)
2026-05-27 11:48:10,448 INFO reaped unknown pid 6130 (exit status 0)
2026-05-27 11:48:45,539 INFO reaped unknown pid 6137 (exit status 0)
2026-05-27 11:51:06,266 INFO reaped unknown pid 6165 (exit status 0)
2026-05-27 11:51:42,919 INFO reaped unknown pid 6172 (exit status 0)
2026-05-27 11:52:18,145 INFO reaped unknown pid 6179 (exit status 0)
2026-05-27 11:54:39,000 INFO reaped unknown pid 6207 (exit status 0)
2026-05-27 11:55:15,739 INFO reaped unknown pid 6214 (exit status 0)
2026-05-27 11:55:51,001 INFO reaped unknown pid 6221 (exit status 0)
2026-05-27 11:58:12,152 INFO reaped unknown pid 6249 (exit status 0)
2026-05-27 11:58:48,960 INFO reaped unknown pid 6256 (exit status 0)
2026-05-27 11:59:24,099 INFO reaped unknown pid 6264 (exit status 0)
2026-05-27 12:01:44,772 INFO reaped unknown pid 6292 (exit status 0)
2026-05-27 12:02:21,481 INFO reaped unknown pid 6299 (exit status 0)
2026-05-27 12:02:56,683 INFO reaped unknown pid 6306 (exit status 0)
2026-05-27 12:05:17,187 INFO reaped unknown pid 6335 (exit status 0)
2026-05-27 12:05:53,620 INFO reaped unknown pid 6342 (exit status 0)
2026-05-27 12:06:28,902 INFO reaped unknown pid 6349 (exit status 0)
2026-05-27 12:08:50,089 INFO reaped unknown pid 6377 (exit status 0)
2026-05-27 12:09:27,080 INFO reaped unknown pid 6384 (exit status 0)
2026-05-27 12:10:04,612 INFO reaped unknown pid 6391 (exit status 0)
2026-05-27 12:10:38,647 INFO reaped unknown pid 6398 (exit status 0)
2026-05-27 12:11:51,896 INFO reaped unknown pid 6412 (exit status 0)
2026-05-27 12:12:27,406 INFO reaped unknown pid 6419 (exit status 0)
2026-05-27 12:13:05,057 INFO reaped unknown pid 6426 (exit status 0)
2026-05-27 12:13:39,468 INFO reaped unknown pid 6434 (exit status 0)
2026-05-27 12:14:13,760 INFO reaped unknown pid 6441 (exit status 0)
2026-05-27 12:15:25,063 INFO reaped unknown pid 6455 (exit status 0)
2026-05-27 12:16:02,383 INFO reaped unknown pid 6462 (exit status 0)
2026-05-27 12:16:39,338 INFO reaped unknown pid 6469 (exit status 0)
2026-05-27 12:17:13,539 INFO reaped unknown pid 6476 (exit status 0)
2026-05-27 12:17:48,490 INFO reaped unknown pid 6483 (exit status 0)
2026-05-27 12:19:01,041 INFO reaped unknown pid 6497 (exit status 0)
2026-05-27 12:19:38,537 INFO reaped unknown pid 6504 (exit status 0)
2026-05-27 12:20:16,290 INFO reaped unknown pid 6511 (exit status 0)
2026-05-27 12:20:51,641 INFO reaped unknown pid 6518 (exit status 0)
2026-05-27 12:21:26,588 INFO reaped unknown pid 6525 (exit status 0)
2026-05-27 12:22:38,839 INFO reaped unknown pid 6539 (exit status 0)
2026-05-27 12:23:20,705 INFO reaped unknown pid 6546 (exit status 0)
2026-05-27 12:23:58,953 INFO reaped unknown pid 6553 (exit status 0)
2026-05-27 12:24:35,624 INFO reaped unknown pid 6560 (exit status 0)
2026-05-27 12:25:11,035 INFO reaped unknown pid 6567 (exit status 0)
2026-05-27 12:25:41,819 INFO reaped unknown pid 6574 (exit status 0)
2026-05-27 12:26:19,740 INFO reaped unknown pid 6581 (exit status 0)
2026-05-27 12:27:00,450 INFO reaped unknown pid 6588 (exit status 0)
2026-05-27 12:27:38,665 INFO reaped unknown pid 6595 (exit status 0)
2026-05-27 12:28:13,559 INFO reaped unknown pid 6602 (exit status 0)
2026-05-27 12:28:47,108 INFO reaped unknown pid 6609 (exit status 0)
2026-05-27 12:29:21,576 INFO reaped unknown pid 6617 (exit status 0)
2026-05-27 12:29:59,549 INFO reaped unknown pid 6624 (exit status 0)
2026-05-27 12:30:38,383 INFO reaped unknown pid 6631 (exit status 0)
2026-05-27 12:31:20,144 INFO reaped unknown pid 6638 (exit status 0)
2026-05-27 12:31:54,908 INFO reaped unknown pid 6645 (exit status 0)
2026-05-27 12:32:24,197 INFO reaped unknown pid 6652 (exit status 0)
2026-05-27 12:32:59,348 INFO reaped unknown pid 6659 (exit status 0)
2026-05-27 12:33:36,921 INFO reaped unknown pid 6666 (exit status 0)
2026-05-27 12:34:19,290 INFO reaped unknown pid 6673 (exit status 0)
2026-05-27 12:34:57,436 INFO reaped unknown pid 6680 (exit status 0)
2026-05-27 12:35:32,631 INFO reaped unknown pid 6688 (exit status 0)
2026-05-27 12:36:06,575 INFO reaped unknown pid 6695 (exit status 0)
2026-05-27 12:36:40,369 INFO reaped unknown pid 6702 (exit status 0)
2026-05-27 12:37:18,279 INFO reaped unknown pid 6710 (exit status 0)
2026-05-27 12:37:57,297 INFO reaped unknown pid 6718 (exit status 0)
2026-05-27 12:38:35,613 INFO reaped unknown pid 6725 (exit status 0)
2026-05-27 12:39:09,891 INFO reaped unknown pid 6732 (exit status 0)
2026-05-27 12:39:43,340 INFO reaped unknown pid 6740 (exit status 0)
2026-05-27 12:40:17,420 INFO reaped unknown pid 6747 (exit status 0)
2026-05-27 12:40:55,271 INFO reaped unknown pid 6755 (exit status 0)
2026-05-27 12:41:34,459 INFO reaped unknown pid 6762 (exit status 0)
2026-05-27 12:42:12,729 INFO reaped unknown pid 6770 (exit status 0)
2026-05-27 12:42:47,166 INFO reaped unknown pid 6777 (exit status 0)
2026-05-27 12:43:20,615 INFO reaped unknown pid 6784 (exit status 0)
2026-05-27 12:43:54,270 INFO reaped unknown pid 6791 (exit status 0)
2026-05-27 12:44:29,932 INFO reaped unknown pid 6798 (exit status 0)
2026-05-27 12:45:08,923 INFO reaped unknown pid 6805 (exit status 0)
2026-05-27 12:45:48,730 INFO reaped unknown pid 6813 (exit status 0)
2026-05-27 12:46:22,167 INFO reaped unknown pid 6820 (exit status 0)
2026-05-27 12:46:55,874 INFO reaped unknown pid 6827 (exit status 0)
2026-05-27 12:47:29,860 INFO reaped unknown pid 6835 (exit status 0)
2026-05-27 12:48:06,274 INFO reaped unknown pid 6842 (exit status 0)
2026-05-27 12:48:47,776 INFO reaped unknown pid 6849 (exit status 0)
2026-05-27 12:49:22,873 INFO reaped unknown pid 6856 (exit status 0)
2026-05-27 12:49:59,993 INFO reaped unknown pid 6863 (exit status 0)
2026-05-27 12:50:30,867 INFO reaped unknown pid 6870 (exit status 0)
2026-05-27 12:51:03,022 INFO reaped unknown pid 6877 (exit status 0)
2026-05-27 12:51:38,602 INFO reaped unknown pid 6884 (exit status 0)
2026-05-27 12:52:15,300 INFO reaped unknown pid 6891 (exit status 0)
2026-05-27 12:52:51,521 INFO reaped unknown pid 6898 (exit status 0)
2026-05-27 12:53:25,266 INFO reaped unknown pid 6905 (exit status 0)
2026-05-27 12:53:58,390 INFO reaped unknown pid 6912 (exit status 0)
2026-05-27 12:55:08,833 INFO reaped unknown pid 6926 (exit status 0)
2026-05-27 12:55:46,931 INFO reaped unknown pid 6933 (exit status 0)
2026-05-27 12:56:24,286 INFO reaped unknown pid 6940 (exit status 0)
2026-05-27 12:56:58,203 INFO reaped unknown pid 6948 (exit status 0)
2026-05-27 12:57:30,924 INFO reaped unknown pid 6955 (exit status 0)
2026-05-27 12:58:03,400 INFO reaped unknown pid 6962 (exit status 0)
2026-05-27 12:58:38,997 INFO reaped unknown pid 6969 (exit status 0)
2026-05-27 12:59:17,294 INFO reaped unknown pid 6976 (exit status 0)
2026-05-27 12:59:54,231 INFO reaped unknown pid 6984 (exit status 0)
2026-05-27 13:00:28,735 INFO reaped unknown pid 6991 (exit status 0)
2026-05-27 13:01:01,745 INFO reaped unknown pid 6999 (exit status 0)
2026-05-27 13:01:35,034 INFO reaped unknown pid 7006 (exit status 0)
2026-05-27 13:02:22,142 INFO reaped unknown pid 7014 (exit status 0)
2026-05-27 13:02:49,709 INFO reaped unknown pid 7021 (exit status 0)
2026-05-27 13:03:28,243 INFO reaped unknown pid 7028 (exit status 0)
2026-05-27 13:04:01,611 INFO reaped unknown pid 7035 (exit status 0)
2026-05-27 13:04:34,661 INFO reaped unknown pid 7042 (exit status 0)
2026-05-27 13:05:10,809 INFO reaped unknown pid 7049 (exit status 0)
2026-05-27 13:05:45,267 INFO reaped unknown pid 7056 (exit status 0)
2026-05-27 13:06:26,193 INFO reaped unknown pid 7063 (exit status 0)
2026-05-27 13:07:02,917 INFO reaped unknown pid 7070 (exit status 0)
2026-05-27 13:09:49,374 INFO reaped unknown pid 7105 (exit status 0)
2026-05-27 13:12:08,028 INFO reaped unknown pid 7134 (exit status 0)
2026-05-27 13:13:53,302 INFO reaped unknown pid 7155 (exit status 0)
2026-05-27 13:14:28,743 INFO reaped unknown pid 7162 (exit status 0)
2026-05-27 13:16:14,144 INFO reaped unknown pid 7184 (exit status 0)
2026-05-27 13:16:49,894 INFO reaped unknown pid 7191 (exit status 0)
2026-05-27 13:17:26,017 INFO reaped unknown pid 7199 (exit status 0)
2026-05-27 13:19:10,901 INFO reaped unknown pid 7221 (exit status 0)
2026-05-27 13:19:47,807 INFO reaped unknown pid 7228 (exit status 0)
2026-05-27 13:20:23,152 INFO reaped unknown pid 7235 (exit status 0)
2026-05-27 13:20:55,818 INFO reaped unknown pid 7242 (exit status 0)
2026-05-27 13:21:35,274 INFO reaped unknown pid 7249 (exit status 0)
2026-05-27 13:22:45,052 INFO reaped unknown pid 7263 (exit status 0)
2026-05-27 13:23:16,604 INFO reaped unknown pid 7270 (exit status 0)
2026-05-27 13:23:56,473 INFO reaped unknown pid 7277 (exit status 0)
2026-05-27 13:24:30,375 INFO reaped unknown pid 7284 (exit status 0)
2026-05-27 13:25:07,365 INFO reaped unknown pid 7291 (exit status 0)
2026-05-27 13:26:17,811 INFO reaped unknown pid 7305 (exit status 0)
2026-05-27 13:27:29,891 INFO reaped unknown pid 7319 (exit status 0)
2026-05-27 13:28:03,404 INFO reaped unknown pid 7326 (exit status 0)
2026-05-27 13:28:40,267 INFO reaped unknown pid 7333 (exit status 0)
2026-05-27 13:29:49,758 INFO reaped unknown pid 7347 (exit status 0)
2026-05-27 13:31:02,121 INFO reaped unknown pid 7361 (exit status 0)
2026-05-27 13:31:34,410 INFO reaped unknown pid 7368 (exit status 0)
2026-05-27 13:32:10,817 INFO reaped unknown pid 7375 (exit status 0)
2026-05-27 13:33:19,811 INFO reaped unknown pid 7389 (exit status 0)
2026-05-27 13:34:30,887 INFO reaped unknown pid 7403 (exit status 0)
2026-05-27 13:35:04,330 INFO reaped unknown pid 7410 (exit status 0)
2026-05-27 13:35:41,003 INFO reaped unknown pid 7417 (exit status 0)
2026-05-27 13:37:25,870 INFO reaped unknown pid 7438 (exit status 0)
2026-05-27 13:37:58,988 INFO reaped unknown pid 7446 (exit status 0)
2026-05-27 13:38:35,761 INFO reaped unknown pid 7453 (exit status 0)
2026-05-27 13:39:45,816 INFO reaped unknown pid 7475 (exit status 0)
2026-05-27 13:40:58,305 INFO reaped unknown pid 7521 (exit status 0)
2026-05-27 13:41:31,134 INFO reaped unknown pid 7536 (exit status 0)
2026-05-27 13:42:07,408 INFO reaped unknown pid 7543 (exit status 0)
2026-05-27 13:43:12,746 INFO reaped unknown pid 7558 (exit status 0)
2026-05-27 13:43:51,688 INFO reaped unknown pid 7565 (exit status 0)
2026-05-27 13:44:26,358 INFO reaped unknown pid 7572 (exit status 0)
2026-05-27 13:45:01,472 INFO reaped unknown pid 7579 (exit status 0)
2026-05-27 13:45:33,047 INFO reaped unknown pid 7586 (exit status 0)
2026-05-27 13:46:08,256 INFO reaped unknown pid 7593 (exit status 0)
2026-05-27 13:47:23,263 INFO reaped unknown pid 7607 (exit status 0)
2026-05-27 13:47:57,205 INFO reaped unknown pid 7614 (exit status 0)
2026-05-27 13:48:31,502 INFO reaped unknown pid 7621 (exit status 0)
2026-05-27 13:50:50,054 INFO reaped unknown pid 7649 (exit status 0)
2026-05-27 13:51:26,306 INFO reaped unknown pid 7656 (exit status 0)
2026-05-27 13:52:01,122 INFO reaped unknown pid 7663 (exit status 0)
2026-05-27 13:53:07,967 INFO reaped unknown pid 7677 (exit status 0)
2026-05-27 13:54:23,528 INFO reaped unknown pid 7691 (exit status 0)
2026-05-27 13:54:56,428 INFO reaped unknown pid 7698 (exit status 0)
2026-05-27 13:55:32,816 INFO reaped unknown pid 7705 (exit status 0)
2026-05-27 13:57:52,919 INFO reaped unknown pid 7734 (exit status 0)
2026-05-27 13:58:27,625 INFO reaped unknown pid 7741 (exit status 0)
2026-05-27 13:59:05,871 INFO reaped unknown pid 7748 (exit status 0)
2026-05-27 14:00:51,485 INFO reaped unknown pid 7770 (exit status 0)
2026-05-27 14:01:26,680 INFO reaped unknown pid 7777 (exit status 0)
2026-05-27 14:03:42,003 INFO reaped unknown pid 7805 (exit status 0)
2026-05-27 14:04:18,427 INFO reaped unknown pid 7813 (exit status 0)
2026-05-27 14:04:56,088 INFO reaped unknown pid 7820 (exit status 0)
2026-05-27 14:07:11,787 INFO reaped unknown pid 7848 (exit status 0)
2026-05-27 14:07:46,396 INFO reaped unknown pid 7855 (exit status 0)
2026-05-27 14:08:20,163 INFO reaped unknown pid 7862 (exit status 0)
2026-05-27 14:09:30,525 INFO reaped unknown pid 7876 (exit status 0)
2026-05-27 14:10:09,982 INFO reaped unknown pid 7883 (exit status 0)
2026-05-27 14:10:46,577 INFO reaped unknown pid 7890 (exit status 0)
2026-05-27 14:11:21,116 INFO reaped unknown pid 7898 (exit status 0)
2026-05-27 14:11:55,433 INFO reaped unknown pid 7905 (exit status 0)
2026-05-27 14:13:06,977 INFO reaped unknown pid 7919 (exit status 0)
2026-05-27 14:13:43,935 INFO reaped unknown pid 7926 (exit status 0)
2026-05-27 14:14:21,014 INFO reaped unknown pid 7933 (exit status 0)
2026-05-27 14:14:55,709 INFO reaped unknown pid 7940 (exit status 0)
2026-05-27 14:15:30,027 INFO reaped unknown pid 7947 (exit status 0)
2026-05-27 14:16:41,255 INFO reaped unknown pid 7961 (exit status 0)
2026-05-27 14:17:18,679 INFO reaped unknown pid 7968 (exit status 0)
2026-05-27 14:17:55,727 INFO reaped unknown pid 7975 (exit status 0)
2026-05-27 14:18:29,703 INFO reaped unknown pid 7982 (exit status 0)
2026-05-27 14:19:03,781 INFO reaped unknown pid 7989 (exit status 0)
2026-05-27 14:20:14,621 INFO reaped unknown pid 8003 (exit status 0)
2026-05-27 14:20:51,406 INFO reaped unknown pid 8010 (exit status 0)
2026-05-27 14:21:28,577 INFO reaped unknown pid 8017 (exit status 0)
2026-05-27 14:22:02,700 INFO reaped unknown pid 8025 (exit status 0)
2026-05-27 14:23:47,329 INFO reaped unknown pid 8047 (exit status 0)
2026-05-27 14:24:23,595 INFO reaped unknown pid 8054 (exit status 0)
2026-05-27 14:25:00,876 INFO reaped unknown pid 8061 (exit status 0)
2026-05-27 14:25:35,829 INFO reaped unknown pid 8068 (exit status 0)
2026-05-27 14:26:45,792 INFO reaped unknown pid 8082 (exit status 0)
2026-05-27 14:27:21,452 INFO reaped unknown pid 8089 (exit status 0)
2026-05-27 14:27:57,722 INFO reaped unknown pid 8096 (exit status 0)
2026-05-27 14:28:31,959 INFO reaped unknown pid 8104 (exit status 0)
2026-05-27 14:29:07,838 INFO reaped unknown pid 8112 (exit status 0)
2026-05-27 14:30:20,432 INFO reaped unknown pid 8126 (exit status 0)
2026-05-27 14:30:56,390 INFO reaped unknown pid 8133 (exit status 0)
2026-05-27 14:31:32,229 INFO reaped unknown pid 8140 (exit status 0)
2026-05-27 14:32:06,412 INFO reaped unknown pid 8147 (exit status 0)
2026-05-27 14:32:42,268 INFO reaped unknown pid 8154 (exit status 0)
2026-05-27 14:33:17,423 INFO reaped unknown pid 8161 (exit status 0)
2026-05-27 14:33:54,494 INFO reaped unknown pid 8168 (exit status 0)
2026-05-27 14:34:30,074 INFO reaped unknown pid 8175 (exit status 0)
2026-05-27 14:35:05,894 INFO reaped unknown pid 8182 (exit status 0)
2026-05-27 14:35:41,145 INFO reaped unknown pid 8189 (exit status 0)
2026-05-27 14:36:16,045 INFO reaped unknown pid 8196 (exit status 0)
2026-05-27 14:37:28,407 INFO reaped unknown pid 8210 (exit status 0)
2026-05-27 14:38:04,187 INFO reaped unknown pid 8217 (exit status 0)
2026-05-27 14:38:39,917 INFO reaped unknown pid 8224 (exit status 0)
2026-05-27 14:39:14,379 INFO reaped unknown pid 8231 (exit status 0)
2026-05-27 14:39:50,520 INFO reaped unknown pid 8238 (exit status 0)
2026-05-27 14:40:29,597 INFO reaped unknown pid 8246 (exit status 0)
2026-05-27 14:41:05,931 INFO reaped unknown pid 8254 (exit status 0)
2026-05-27 14:41:41,124 INFO reaped unknown pid 8261 (exit status 0)
2026-05-27 14:42:16,816 INFO reaped unknown pid 8268 (exit status 0)
2026-05-27 14:42:50,201 INFO reaped unknown pid 8275 (exit status 0)
2026-05-27 14:43:26,765 INFO reaped unknown pid 8282 (exit status 0)
2026-05-27 14:44:01,017 INFO reaped unknown pid 8289 (exit status 0)
2026-05-27 14:44:37,885 INFO reaped unknown pid 8296 (exit status 0)
2026-05-27 14:45:13,127 INFO reaped unknown pid 8303 (exit status 0)
2026-05-27 14:45:48,771 INFO reaped unknown pid 8310 (exit status 0)
2026-05-27 14:46:20,546 INFO reaped unknown pid 8317 (exit status 0)
2026-05-27 14:46:55,336 INFO reaped unknown pid 8324 (exit status 0)
2026-05-27 14:47:28,634 INFO reaped unknown pid 8331 (exit status 0)
2026-05-27 14:48:02,518 INFO reaped unknown pid 8338 (exit status 0)
2026-05-27 14:48:38,121 INFO reaped unknown pid 8345 (exit status 0)
2026-05-27 14:49:12,943 INFO reaped unknown pid 8352 (exit status 0)
2026-05-27 14:49:47,260 INFO reaped unknown pid 8359 (exit status 0)
2026-05-27 14:50:22,511 INFO reaped unknown pid 8366 (exit status 0)
2026-05-27 14:50:57,942 INFO reaped unknown pid 8373 (exit status 0)
2026-05-27 14:51:34,724 INFO reaped unknown pid 8380 (exit status 0)
2026-05-27 14:52:10,163 INFO reaped unknown pid 8387 (exit status 0)
2026-05-27 14:52:45,747 INFO reaped unknown pid 8394 (exit status 0)
2026-05-27 14:53:20,228 INFO reaped unknown pid 8401 (exit status 0)
2026-05-27 14:53:55,479 INFO reaped unknown pid 8408 (exit status 0)
2026-05-27 14:54:31,151 INFO reaped unknown pid 8415 (exit status 0)
2026-05-27 14:55:08,088 INFO reaped unknown pid 8422 (exit status 0)
2026-05-27 14:55:43,802 INFO reaped unknown pid 8429 (exit status 0)
2026-05-27 14:56:19,288 INFO reaped unknown pid 8436 (exit status 0)
2026-05-27 14:56:53,583 INFO reaped unknown pid 8443 (exit status 0)
2026-05-27 14:57:29,221 INFO reaped unknown pid 8450 (exit status 0)
2026-05-27 14:58:04,905 INFO reaped unknown pid 8457 (exit status 0)
2026-05-27 14:58:42,377 INFO reaped unknown pid 8464 (exit status 0)
2026-05-27 14:59:17,727 INFO reaped unknown pid 8471 (exit status 0)
2026-05-27 14:59:53,468 INFO reaped unknown pid 8478 (exit status 0)
2026-05-27 15:00:27,540 INFO reaped unknown pid 8485 (exit status 0)
2026-05-27 15:01:03,215 INFO reaped unknown pid 8492 (exit status 0)
2026-05-27 15:01:39,024 INFO reaped unknown pid 8499 (exit status 0)
2026-05-27 15:02:15,958 INFO reaped unknown pid 8506 (exit status 0)
2026-05-27 15:02:51,218 INFO reaped unknown pid 8513 (exit status 0)
2026-05-27 15:03:26,933 INFO reaped unknown pid 8520 (exit status 0)
2026-05-27 15:04:01,243 INFO reaped unknown pid 8527 (exit status 0)
2026-05-27 15:04:36,812 INFO reaped unknown pid 8534 (exit status 0)
2026-05-27 15:05:12,968 INFO reaped unknown pid 8541 (exit status 0)
2026-05-27 15:05:49,103 INFO reaped unknown pid 8548 (exit status 0)
2026-05-27 15:06:25,159 INFO reaped unknown pid 8555 (exit status 0)
2026-05-27 15:07:01,181 INFO reaped unknown pid 8562 (exit status 0)
2026-05-27 15:07:35,622 INFO reaped unknown pid 8569 (exit status 0)
2026-05-27 15:08:11,319 INFO reaped unknown pid 8576 (exit status 0)
2026-05-27 15:08:46,829 INFO reaped unknown pid 8583 (exit status 0)
2026-05-27 15:09:23,065 INFO reaped unknown pid 8590 (exit status 0)
2026-05-27 15:09:58,313 INFO reaped unknown pid 8597 (exit status 0)
2026-05-27 15:10:34,119 INFO reaped unknown pid 8604 (exit status 0)
2026-05-27 15:11:08,500 INFO reaped unknown pid 8611 (exit status 0)
2026-05-27 15:11:43,862 INFO reaped unknown pid 8618 (exit status 0)
2026-05-27 15:12:21,597 INFO reaped unknown pid 8625 (exit status 0)
2026-05-27 15:12:58,570 INFO reaped unknown pid 8632 (exit status 0)
2026-05-27 15:13:34,166 INFO reaped unknown pid 8639 (exit status 0)
2026-05-27 15:14:09,586 INFO reaped unknown pid 8646 (exit status 0)
2026-05-27 15:14:44,283 INFO reaped unknown pid 8653 (exit status 0)
2026-05-27 15:15:20,335 INFO reaped unknown pid 8660 (exit status 0)
2026-05-27 15:15:56,711 INFO reaped unknown pid 8667 (exit status 0)
2026-05-27 15:16:33,787 INFO reaped unknown pid 8674 (exit status 0)
2026-05-27 15:17:09,449 INFO reaped unknown pid 8681 (exit status 0)
2026-05-27 15:17:46,070 INFO reaped unknown pid 8688 (exit status 0)
2026-05-27 15:18:20,564 INFO reaped unknown pid 8695 (exit status 0)
2026-05-27 15:18:56,957 INFO reaped unknown pid 8702 (exit status 0)
2026-05-27 15:20:11,065 INFO reaped unknown pid 8716 (exit status 0)
2026-05-27 15:20:46,415 INFO reaped unknown pid 8723 (exit status 0)
2026-05-27 15:21:23,114 INFO reaped unknown pid 8730 (exit status 0)
2026-05-27 15:21:57,698 INFO reaped unknown pid 8737 (exit status 0)
2026-05-27 15:23:40,798 INFO reaped unknown pid 8758 (exit status 0)
2026-05-27 15:24:14,616 INFO reaped unknown pid 8765 (exit status 0)
2026-05-27 15:24:48,379 INFO reaped unknown pid 8772 (exit status 0)
2026-05-27 15:25:54,933 INFO reaped unknown pid 8787 (exit status 0)
2026-05-27 15:27:03,011 INFO reaped unknown pid 8801 (exit status 0)
2026-05-27 15:27:36,568 INFO reaped unknown pid 8808 (exit status 0)
2026-05-27 15:28:09,618 INFO reaped unknown pid 8815 (exit status 0)
2026-05-27 15:28:43,562 INFO reaped unknown pid 8823 (exit status 0)
2026-05-27 15:29:16,501 INFO reaped unknown pid 8831 (exit status 0)
2026-05-27 15:29:49,888 INFO reaped unknown pid 8838 (exit status 0)
2026-05-27 15:30:24,491 INFO reaped unknown pid 8845 (exit status 0)
2026-05-27 15:30:57,398 INFO reaped unknown pid 8852 (exit status 0)
2026-05-27 15:31:30,528 INFO reaped unknown pid 8859 (exit status 0)
2026-05-27 15:32:01,925 INFO reaped unknown pid 8867 (exit status 0)
2026-05-27 15:32:34,923 INFO reaped unknown pid 8874 (exit status 0)
2026-05-27 15:33:08,031 INFO reaped unknown pid 8881 (exit status 0)
2026-05-27 15:33:43,012 INFO reaped unknown pid 8888 (exit status 0)
2026-05-27 15:34:16,069 INFO reaped unknown pid 8895 (exit status 0)
2026-05-27 15:34:49,125 INFO reaped unknown pid 8902 (exit status 0)
2026-05-27 15:35:20,413 INFO reaped unknown pid 8909 (exit status 0)
2026-05-27 15:35:53,417 INFO reaped unknown pid 8916 (exit status 0)
2026-05-27 15:36:26,569 INFO reaped unknown pid 8924 (exit status 0)
2026-05-27 15:37:01,493 INFO reaped unknown pid 8931 (exit status 0)
2026-05-27 15:37:34,653 INFO reaped unknown pid 8938 (exit status 0)
2026-05-27 15:38:07,885 INFO reaped unknown pid 8945 (exit status 0)
2026-05-27 15:38:38,900 INFO reaped unknown pid 8953 (exit status 0)
2026-05-27 15:39:12,133 INFO reaped unknown pid 8960 (exit status 0)
2026-05-27 15:39:45,267 INFO reaped unknown pid 8968 (exit status 0)
2026-05-27 15:40:20,140 INFO reaped unknown pid 8975 (exit status 0)
2026-05-27 15:40:53,249 INFO reaped unknown pid 8982 (exit status 0)
2026-05-27 15:41:26,303 INFO reaped unknown pid 8989 (exit status 0)
2026-05-27 15:41:57,565 INFO reaped unknown pid 8996 (exit status 0)
2026-05-27 15:42:30,660 INFO reaped unknown pid 9004 (exit status 0)
2026-05-27 15:43:03,817 INFO reaped unknown pid 9011 (exit status 0)
2026-05-27 15:43:38,696 INFO reaped unknown pid 9018 (exit status 0)
2026-05-28 01:33:14,038 INFO reaped unknown pid 9025 (exit status 0)
2026-05-28 01:33:42,624 INFO reaped unknown pid 9032 (exit status 0)
2026-05-28 01:34:14,675 INFO reaped unknown pid 9039 (exit status 0)
2026-05-28 01:34:46,676 INFO reaped unknown pid 9046 (exit status 0)
2026-05-28 01:35:18,004 INFO reaped unknown pid 9053 (exit status 0)
2026-05-28 01:36:26,474 INFO reaped unknown pid 9067 (exit status 0)
2026-05-28 01:36:58,783 INFO reaped unknown pid 9074 (exit status 0)
2026-05-28 01:37:29,030 INFO reaped unknown pid 9081 (exit status 0)
2026-05-28 01:37:58,640 INFO reaped unknown pid 9088 (exit status 0)
2026-05-28 01:38:30,370 INFO reaped unknown pid 9095 (exit status 0)
2026-05-28 01:39:04,722 INFO reaped unknown pid 9102 (exit status 0)
2026-05-28 01:39:39,409 INFO reaped unknown pid 9109 (exit status 0)
2026-05-28 01:40:12,000 INFO reaped unknown pid 9116 (exit status 0)
2026-05-28 01:40:42,659 INFO reaped unknown pid 9123 (exit status 0)
2026-05-28 01:41:11,463 INFO reaped unknown pid 9130 (exit status 0)
2026-05-28 01:41:44,011 INFO reaped unknown pid 9137 (exit status 0)
2026-05-28 01:42:18,858 INFO reaped unknown pid 9144 (exit status 0)
2026-05-28 01:42:52,072 INFO reaped unknown pid 9151 (exit status 0)
2026-05-28 01:43:25,238 INFO reaped unknown pid 9158 (exit status 0)
2026-05-28 01:43:56,431 INFO reaped unknown pid 9165 (exit status 0)
2026-05-28 01:44:25,981 INFO reaped unknown pid 9172 (exit status 0)
2026-05-28 01:44:57,710 INFO reaped unknown pid 9179 (exit status 0)
2026-05-28 01:45:32,152 INFO reaped unknown pid 9186 (exit status 0)
2026-05-28 01:46:06,174 INFO reaped unknown pid 9193 (exit status 0)
2026-05-28 01:46:38,252 INFO reaped unknown pid 9200 (exit status 0)
2026-05-28 01:47:10,133 INFO reaped unknown pid 9207 (exit status 0)
2026-05-28 01:47:39,577 INFO reaped unknown pid 9214 (exit status 0)
2026-05-28 01:48:12,414 INFO reaped unknown pid 9221 (exit status 0)
2026-05-28 01:48:45,777 INFO reaped unknown pid 9228 (exit status 0)
2026-05-28 01:49:22,950 INFO reaped unknown pid 9235 (exit status 0)
2026-05-28 01:49:53,131 INFO reaped unknown pid 9242 (exit status 0)
2026-05-28 01:50:24,054 INFO reaped unknown pid 9249 (exit status 0)
2026-05-28 01:50:56,594 INFO reaped unknown pid 9256 (exit status 0)
2026-05-28 01:51:25,396 INFO reaped unknown pid 9263 (exit status 0)
2026-05-28 01:52:00,249 INFO reaped unknown pid 9270 (exit status 0)
2026-05-28 01:52:32,953 INFO reaped unknown pid 9278 (exit status 0)
2026-05-28 01:53:09,351 INFO reaped unknown pid 9285 (exit status 0)
2026-05-28 01:53:40,202 INFO reaped unknown pid 9292 (exit status 0)
2026-05-28 01:54:12,920 INFO reaped unknown pid 9299 (exit status 0)
2026-05-28 01:54:42,464 INFO reaped unknown pid 9307 (exit status 0)
2026-05-28 01:55:16,596 INFO reaped unknown pid 9314 (exit status 0)
2026-05-28 01:55:48,396 INFO reaped unknown pid 9321 (exit status 0)
2026-05-28 01:56:24,157 INFO reaped unknown pid 9328 (exit status 0)
2026-05-28 01:56:55,884 INFO reaped unknown pid 9335 (exit status 0)
2026-05-28 01:57:27,795 INFO reaped unknown pid 9342 (exit status 0)
2026-05-28 01:57:57,603 INFO reaped unknown pid 9349 (exit status 0)
2026-05-28 01:58:31,469 INFO reaped unknown pid 9356 (exit status 0)
2026-05-28 01:59:04,484 INFO reaped unknown pid 9363 (exit status 0)
2026-05-28 01:59:40,539 INFO reaped unknown pid 9370 (exit status 0)
2026-05-28 02:00:12,069 INFO reaped unknown pid 9377 (exit status 0)
2026-05-28 02:00:44,979 INFO reaped unknown pid 9384 (exit status 0)
2026-05-28 02:01:14,669 INFO reaped unknown pid 9391 (exit status 0)
2026-05-28 02:01:48,831 INFO reaped unknown pid 9398 (exit status 0)
2026-05-28 02:02:20,728 INFO reaped unknown pid 9405 (exit status 0)
2026-05-28 02:02:56,032 INFO reaped unknown pid 9412 (exit status 0)
2026-05-28 02:03:26,995 INFO reaped unknown pid 9419 (exit status 0)
2026-05-28 02:03:58,881 INFO reaped unknown pid 9426 (exit status 0)
2026-05-28 02:04:28,231 INFO reaped unknown pid 9433 (exit status 0)
2026-05-28 02:05:02,455 INFO reaped unknown pid 9440 (exit status 0)
2026-05-28 02:05:34,390 INFO reaped unknown pid 9447 (exit status 0)
2026-05-28 02:06:10,628 INFO reaped unknown pid 9455 (exit status 0)
2026-05-28 02:06:41,691 INFO reaped unknown pid 9462 (exit status 0)
2026-05-28 02:07:15,575 INFO reaped unknown pid 9469 (exit status 0)
2026-05-28 02:07:44,451 INFO reaped unknown pid 9476 (exit status 0)
2026-05-28 02:08:18,750 INFO reaped unknown pid 9483 (exit status 0)
2026-05-28 02:08:51,330 INFO reaped unknown pid 9491 (exit status 0)
2026-05-28 02:09:27,631 INFO reaped unknown pid 9498 (exit status 0)
2026-05-28 02:09:58,917 INFO reaped unknown pid 9505 (exit status 0)
2026-05-28 02:10:32,208 INFO reaped unknown pid 9512 (exit status 0)
2026-05-28 02:11:02,318 INFO reaped unknown pid 9519 (exit status 0)
2026-05-28 02:11:36,478 INFO reaped unknown pid 9526 (exit status 0)
2026-05-28 02:12:09,526 INFO reaped unknown pid 9533 (exit status 0)
2026-05-28 02:12:45,013 INFO reaped unknown pid 9546 (exit status 0)
2026-05-28 02:13:16,602 INFO reaped unknown pid 9553 (exit status 0)
2026-05-28 02:13:49,381 INFO reaped unknown pid 9560 (exit status 0)
2026-05-28 02:14:19,463 INFO reaped unknown pid 9567 (exit status 0)
2026-05-28 02:14:53,128 INFO reaped unknown pid 9574 (exit status 0)
2026-05-28 02:15:24,962 INFO reaped unknown pid 9581 (exit status 0)
2026-05-28 02:16:01,095 INFO reaped unknown pid 9588 (exit status 0)
2026-05-28 02:16:31,920 INFO reaped unknown pid 9595 (exit status 0)
2026-05-28 02:17:04,992 INFO reaped unknown pid 9602 (exit status 0)
2026-05-28 02:17:34,880 INFO reaped unknown pid 9609 (exit status 0)
2026-05-28 02:18:09,889 INFO reaped unknown pid 9617 (exit status 0)
2026-05-28 02:18:42,443 INFO reaped unknown pid 9624 (exit status 0)
2026-05-28 02:19:18,827 INFO reaped unknown pid 9631 (exit status 0)
2026-05-28 02:19:50,054 INFO reaped unknown pid 9638 (exit status 0)
2026-05-28 02:20:22,980 INFO reaped unknown pid 9646 (exit status 0)
2026-05-28 02:20:53,268 INFO reaped unknown pid 9653 (exit status 0)
2026-05-28 02:21:28,069 INFO reaped unknown pid 9660 (exit status 0)
2026-05-28 02:22:00,933 INFO reaped unknown pid 9667 (exit status 0)
2026-05-28 02:22:37,116 INFO reaped unknown pid 9674 (exit status 0)
2026-05-28 02:23:08,942 INFO reaped unknown pid 9681 (exit status 0)
2026-05-28 02:23:42,266 INFO reaped unknown pid 9688 (exit status 0)
2026-05-28 02:24:11,811 INFO reaped unknown pid 9695 (exit status 0)
2026-05-28 02:24:46,667 INFO reaped unknown pid 9702 (exit status 0)
2026-05-28 02:25:19,221 INFO reaped unknown pid 9709 (exit status 0)
2026-05-28 02:25:55,959 INFO reaped unknown pid 9716 (exit status 0)
2026-05-28 02:26:27,992 INFO reaped unknown pid 9723 (exit status 0)
2026-05-28 02:27:00,974 INFO reaped unknown pid 9730 (exit status 0)
2026-05-28 02:27:30,589 INFO reaped unknown pid 9737 (exit status 0)
2026-05-28 02:28:04,866 INFO reaped unknown pid 9744 (exit status 0)
2026-05-28 02:28:36,364 INFO reaped unknown pid 9767 (exit status 0)
2026-05-28 02:29:13,869 INFO reaped unknown pid 9774 (exit status 0)
2026-05-28 02:29:45,818 INFO reaped unknown pid 9781 (exit status 0)
2026-05-28 02:30:19,323 INFO reaped unknown pid 9787 (exit status 0)
2026-05-28 02:30:48,876 INFO reaped unknown pid 9794 (exit status 0)
2026-05-28 02:31:23,206 INFO reaped unknown pid 9801 (exit status 0)
2026-05-28 02:31:55,952 INFO reaped unknown pid 9808 (exit status 0)
2026-05-28 02:32:31,968 INFO reaped unknown pid 9816 (exit status 0)
2026-05-28 02:33:02,350 INFO reaped unknown pid 9823 (exit status 0)
2026-05-28 02:33:35,557 INFO reaped unknown pid 9830 (exit status 0)
2026-05-28 02:34:04,199 INFO reaped unknown pid 9837 (exit status 0)
2026-05-28 02:34:38,206 INFO reaped unknown pid 9844 (exit status 0)
2026-05-28 02:35:09,898 INFO reaped unknown pid 9851 (exit status 0)
2026-05-28 02:35:45,880 INFO reaped unknown pid 9858 (exit status 0)
2026-05-28 02:36:16,680 INFO reaped unknown pid 9865 (exit status 0)
2026-05-28 02:36:49,390 INFO reaped unknown pid 9872 (exit status 0)
2026-05-28 02:37:18,470 INFO reaped unknown pid 9879 (exit status 0)
2026-05-28 02:37:52,183 INFO reaped unknown pid 9886 (exit status 0)
2026-05-28 02:38:24,134 INFO reaped unknown pid 9893 (exit status 0)
2026-05-28 02:39:00,057 INFO reaped unknown pid 9900 (exit status 0)
2026-05-28 02:39:30,719 INFO reaped unknown pid 9907 (exit status 0)
2026-05-28 02:40:03,643 INFO reaped unknown pid 9914 (exit status 0)
2026-05-28 02:40:32,192 INFO reaped unknown pid 9921 (exit status 0)
2026-05-28 02:41:07,084 INFO reaped unknown pid 9928 (exit status 0)
2026-05-28 02:41:39,449 INFO reaped unknown pid 9935 (exit status 0)
2026-05-28 02:42:15,845 INFO reaped unknown pid 9942 (exit status 0)
2026-05-28 02:42:47,484 INFO reaped unknown pid 9949 (exit status 0)
2026-05-28 02:43:20,541 INFO reaped unknown pid 9956 (exit status 0)
2026-05-28 02:43:49,903 INFO reaped unknown pid 9963 (exit status 0)
2026-05-28 02:44:23,830 INFO reaped unknown pid 9970 (exit status 0)
2026-05-28 02:44:55,666 INFO reaped unknown pid 9977 (exit status 0)
2026-05-28 02:45:31,630 INFO reaped unknown pid 9984 (exit status 0)
2026-05-28 02:46:02,414 INFO reaped unknown pid 9992 (exit status 0)
2026-05-28 02:46:35,384 INFO reaped unknown pid 9999 (exit status 0)
2026-05-28 02:47:04,428 INFO reaped unknown pid 10006 (exit status 0)
2026-05-28 02:47:38,487 INFO reaped unknown pid 10013 (exit status 0)
2026-05-28 02:48:10,417 INFO reaped unknown pid 10021 (exit status 0)
2026-05-28 02:48:47,203 INFO reaped unknown pid 10028 (exit status 0)
2026-05-28 02:49:17,041 INFO reaped unknown pid 10041 (exit status 0)
2026-05-28 02:49:50,783 INFO reaped unknown pid 10050 (exit status 0)
2026-05-28 02:50:19,859 INFO reaped unknown pid 10057 (exit status 0)
2026-05-28 02:50:54,831 INFO reaped unknown pid 10064 (exit status 0)
2026-05-28 02:51:27,045 INFO reaped unknown pid 10071 (exit status 0)
2026-05-28 02:52:02,750 INFO reaped unknown pid 10078 (exit status 0)
2026-05-28 02:52:34,263 INFO reaped unknown pid 10085 (exit status 0)
2026-05-28 02:53:07,871 INFO reaped unknown pid 10092 (exit status 0)
2026-05-28 02:53:37,227 INFO reaped unknown pid 10100 (exit status 0)
2026-05-28 02:54:12,051 INFO reaped unknown pid 10107 (exit status 0)
2026-05-28 02:54:43,262 INFO reaped unknown pid 10114 (exit status 0)
2026-05-28 02:55:19,688 INFO reaped unknown pid 10121 (exit status 0)
2026-05-28 02:55:50,874 INFO reaped unknown pid 10128 (exit status 0)
2026-05-28 02:56:24,026 INFO reaped unknown pid 10135 (exit status 0)
2026-05-28 02:56:53,019 INFO reaped unknown pid 10142 (exit status 0)
2026-05-28 02:57:27,540 INFO reaped unknown pid 10157 (exit status 0)
2026-05-28 02:57:59,439 INFO reaped unknown pid 10164 (exit status 0)
2026-05-28 02:58:36,085 INFO reaped unknown pid 10171 (exit status 0)
2026-05-28 02:59:07,911 INFO reaped unknown pid 10178 (exit status 0)
2026-05-28 02:59:41,528 INFO reaped unknown pid 10193 (exit status 0)
2026-05-28 03:00:45,632 INFO reaped unknown pid 10240 (exit status 0)
2026-05-28 03:01:18,004 INFO reaped unknown pid 10247 (exit status 0)
2026-05-28 03:01:53,989 INFO reaped unknown pid 10255 (exit status 0)
2026-05-28 03:02:25,353 INFO reaped unknown pid 10263 (exit status 0)
2026-05-28 03:02:58,312 INFO reaped unknown pid 10270 (exit status 0)
2026-05-28 03:03:27,192 INFO reaped unknown pid 10277 (exit status 0)
2026-05-28 03:04:01,612 INFO reaped unknown pid 10284 (exit status 0)
2026-05-28 03:04:32,838 INFO reaped unknown pid 10291 (exit status 0)
2026-05-28 03:05:09,215 INFO reaped unknown pid 10298 (exit status 0)
2026-05-28 03:05:39,805 INFO reaped unknown pid 10305 (exit status 0)
2026-05-28 03:06:13,216 INFO reaped unknown pid 10312 (exit status 0)
2026-05-28 03:06:42,366 INFO reaped unknown pid 10319 (exit status 0)
2026-05-28 03:07:15,987 INFO reaped unknown pid 10326 (exit status 0)
2026-05-28 03:07:48,517 INFO reaped unknown pid 10333 (exit status 0)
2026-05-28 03:08:24,338 INFO reaped unknown pid 10340 (exit status 0)
2026-05-28 03:08:55,283 INFO reaped unknown pid 10348 (exit status 0)
2026-05-28 03:09:28,461 INFO reaped unknown pid 10355 (exit status 0)
2026-05-28 03:10:31,530 INFO reaped unknown pid 10369 (exit status 0)
2026-05-28 03:11:03,129 INFO reaped unknown pid 10376 (exit status 0)
2026-05-28 03:11:39,518 INFO reaped unknown pid 10383 (exit status 0)
2026-05-28 03:12:10,461 INFO reaped unknown pid 10390 (exit status 0)
2026-05-28 03:13:13,049 INFO reaped unknown pid 10404 (exit status 0)
2026-05-28 03:13:47,965 INFO reaped unknown pid 10411 (exit status 0)
2026-05-28 03:14:19,763 INFO reaped unknown pid 10418 (exit status 0)
2026-05-28 03:14:52,131 INFO reaped unknown pid 10425 (exit status 0)
2026-05-28 03:15:55,478 INFO reaped unknown pid 10440 (exit status 0)
2026-05-28 03:17:32,698 INFO reaped unknown pid 10461 (exit status 0)
2026-05-28 03:18:37,329 INFO reaped unknown pid 10483 (exit status 0)
2026-05-28 03:21:51,416 INFO reaped unknown pid 10525 (exit status 0)
2026-05-28 03:22:23,299 INFO reaped unknown pid 10532 (exit status 0)
2026-05-28 03:22:56,537 INFO reaped unknown pid 10539 (exit status 0)
2026-05-28 03:27:13,355 INFO reaped unknown pid 10633 (exit status 0)
2026-05-28 03:29:20,214 INFO reaped unknown pid 10661 (exit status 0)
2026-05-28 03:29:52,309 INFO reaped unknown pid 10668 (exit status 0)
2026-05-28 03:30:56,687 INFO reaped unknown pid 10704 (exit status 0)
2026-05-28 03:31:28,329 INFO reaped unknown pid 10719 (exit status 0)
2026-05-28 03:32:02,743 INFO reaped unknown pid 10750 (exit status 0)
2026-05-28 03:34:10,195 INFO reaped unknown pid 10779 (exit status 0)
2026-05-28 03:34:42,856 INFO reaped unknown pid 10786 (exit status 0)
2026-05-28 03:35:48,146 INFO reaped unknown pid 10800 (exit status 0)
2026-05-28 03:36:22,162 INFO reaped unknown pid 10807 (exit status 0)
2026-05-28 03:36:54,501 INFO reaped unknown pid 10816 (exit status 0)
2026-05-28 03:37:56,652 INFO reaped unknown pid 10833 (exit status 0)
2026-05-28 03:39:06,501 INFO reaped unknown pid 10847 (exit status 0)
2026-05-28 03:39:34,986 INFO reaped unknown pid 10854 (exit status 0)
2026-05-28 03:40:07,225 INFO reaped unknown pid 10861 (exit status 0)
2026-05-28 03:42:16,589 INFO reaped unknown pid 10905 (exit status 0)
2026-05-28 03:44:56,317 INFO reaped unknown pid 10940 (exit status 0)
2026-05-28 03:45:28,771 INFO reaped unknown pid 10947 (exit status 0)
2026-05-28 03:46:01,932 INFO reaped unknown pid 10954 (exit status 0)
2026-05-28 03:46:33,348 INFO reaped unknown pid 10969 (exit status 0)
2026-05-28 03:48:11,242 INFO reaped unknown pid 10990 (exit status 0)
2026-05-28 03:50:18,598 INFO reaped unknown pid 11020 (exit status 0)
2026-05-28 03:50:52,813 INFO reaped unknown pid 11029 (exit status 0)
2026-05-28 03:51:25,605 INFO reaped unknown pid 11036 (exit status 0)
2026-05-28 03:51:57,302 INFO reaped unknown pid 11043 (exit status 0)
2026-05-28 03:53:34,737 INFO reaped unknown pid 11064 (exit status 0)
2026-05-28 03:54:08,866 INFO reaped unknown pid 11071 (exit status 0)
2026-05-28 03:55:45,374 INFO reaped unknown pid 11116 (exit status 0)
2026-05-28 03:56:18,811 INFO reaped unknown pid 11123 (exit status 0)
2026-05-28 03:56:51,493 INFO reaped unknown pid 11130 (exit status 0)
2026-05-28 03:59:01,457 INFO reaped unknown pid 11158 (exit status 0)
2026-05-28 03:59:35,035 INFO reaped unknown pid 11165 (exit status 0)
2026-05-28 04:00:07,866 INFO reaped unknown pid 11172 (exit status 0)
2026-05-28 04:00:40,058 INFO reaped unknown pid 11179 (exit status 0)
2026-05-28 04:02:20,610 INFO reaped unknown pid 11201 (exit status 0)
2026-05-28 04:02:53,187 INFO reaped unknown pid 11208 (exit status 0)
2026-05-28 04:03:26,080 INFO reaped unknown pid 11216 (exit status 0)
2026-05-28 04:05:36,012 INFO reaped unknown pid 11244 (exit status 0)
2026-05-28 04:06:09,759 INFO reaped unknown pid 11251 (exit status 0)
2026-05-28 04:06:42,429 INFO reaped unknown pid 11258 (exit status 0)
2026-05-28 04:08:52,309 INFO reaped unknown pid 11287 (exit status 0)
2026-05-28 04:09:25,917 INFO reaped unknown pid 11294 (exit status 0)
2026-05-28 04:09:58,866 INFO reaped unknown pid 11302 (exit status 0)
2026-05-28 04:12:09,391 INFO reaped unknown pid 11330 (exit status 0)
2026-05-28 04:12:42,285 INFO reaped unknown pid 11337 (exit status 0)
2026-05-28 04:13:15,309 INFO reaped unknown pid 11344 (exit status 0)
2026-05-28 04:13:47,665 INFO reaped unknown pid 11351 (exit status 0)
2026-05-28 04:14:53,765 INFO reaped unknown pid 11365 (exit status 0)
2026-05-28 04:15:27,044 INFO reaped unknown pid 11372 (exit status 0)
2026-05-28 04:15:59,501 INFO reaped unknown pid 11379 (exit status 0)
2026-05-28 04:18:10,288 INFO reaped unknown pid 11407 (exit status 0)
2026-05-28 04:18:42,396 INFO reaped unknown pid 11414 (exit status 0)
2026-05-28 04:20:52,861 INFO reaped unknown pid 11442 (exit status 0)
2026-05-28 04:21:26,370 INFO reaped unknown pid 11449 (exit status 0)
2026-05-28 04:21:58,870 INFO reaped unknown pid 11456 (exit status 0)
2026-05-28 04:24:09,269 INFO reaped unknown pid 11485 (exit status 0)
2026-05-28 04:24:42,481 INFO reaped unknown pid 11492 (exit status 0)
2026-05-28 04:25:14,952 INFO reaped unknown pid 11499 (exit status 0)
2026-05-28 04:27:25,052 INFO reaped unknown pid 11527 (exit status 0)
2026-05-28 04:27:58,891 INFO reaped unknown pid 11534 (exit status 0)
2026-05-28 04:28:31,304 INFO reaped unknown pid 11541 (exit status 0)
2026-05-28 04:30:41,794 INFO reaped unknown pid 11569 (exit status 0)
2026-05-28 04:31:14,974 INFO reaped unknown pid 11576 (exit status 0)
2026-05-28 04:31:47,427 INFO reaped unknown pid 11583 (exit status 0)
2026-05-28 04:33:58,802 INFO reaped unknown pid 11611 (exit status 0)
2026-05-28 04:34:30,998 INFO reaped unknown pid 11618 (exit status 0)
2026-05-28 04:35:03,618 INFO reaped unknown pid 11625 (exit status 0)
2026-05-28 04:36:40,426 INFO reaped unknown pid 11646 (exit status 0)
2026-05-28 04:37:14,923 INFO reaped unknown pid 11653 (exit status 0)
2026-05-28 04:37:48,206 INFO reaped unknown pid 11660 (exit status 0)
2026-05-28 04:38:20,173 INFO reaped unknown pid 11667 (exit status 0)
2026-05-28 04:39:56,855 INFO reaped unknown pid 11688 (exit status 0)
2026-05-28 04:40:31,823 INFO reaped unknown pid 11695 (exit status 0)
2026-05-28 04:41:04,736 INFO reaped unknown pid 11702 (exit status 0)
2026-05-28 04:41:37,304 INFO reaped unknown pid 11709 (exit status 0)
2026-05-28 04:43:13,784 INFO reaped unknown pid 11731 (exit status 0)
2026-05-28 04:43:48,148 INFO reaped unknown pid 11738 (exit status 0)
2026-05-28 04:44:22,307 INFO reaped unknown pid 11745 (exit status 0)
2026-05-28 04:44:53,877 INFO reaped unknown pid 11752 (exit status 0)
2026-05-28 04:47:05,888 INFO reaped unknown pid 11780 (exit status 0)
2026-05-28 04:47:39,065 INFO reaped unknown pid 11787 (exit status 0)
2026-05-28 04:48:11,238 INFO reaped unknown pid 11794 (exit status 0)
2026-05-28 04:50:21,953 INFO reaped unknown pid 11822 (exit status 0)
2026-05-28 04:50:55,137 INFO reaped unknown pid 11829 (exit status 0)
2026-05-28 04:51:27,491 INFO reaped unknown pid 11836 (exit status 0)
2026-05-28 04:53:03,836 INFO reaped unknown pid 11857 (exit status 0)
2026-05-28 04:53:38,559 INFO reaped unknown pid 11864 (exit status 0)
2026-05-28 04:54:11,762 INFO reaped unknown pid 11871 (exit status 0)
2026-05-28 04:54:44,385 INFO reaped unknown pid 11878 (exit status 0)
2026-05-28 04:56:54,770 INFO reaped unknown pid 11906 (exit status 0)
2026-05-28 04:57:28,304 INFO reaped unknown pid 11913 (exit status 0)
2026-05-28 04:58:00,750 INFO reaped unknown pid 11920 (exit status 0)
2026-05-28 05:00:11,655 INFO reaped unknown pid 11948 (exit status 0)
2026-05-28 05:00:44,941 INFO reaped unknown pid 11955 (exit status 0)
2026-05-28 05:01:17,323 INFO reaped unknown pid 11962 (exit status 0)
2026-05-28 05:03:28,317 INFO reaped unknown pid 11990 (exit status 0)
2026-05-28 05:04:01,679 INFO reaped unknown pid 11997 (exit status 0)
2026-05-28 05:04:33,900 INFO reaped unknown pid 12004 (exit status 0)
2026-05-28 05:06:44,706 INFO reaped unknown pid 12032 (exit status 0)
2026-05-28 05:07:18,245 INFO reaped unknown pid 12039 (exit status 0)
2026-05-28 05:07:50,248 INFO reaped unknown pid 12046 (exit status 0)
